[0.035s] Invoking command in '/root/ros2_ws/src/build/first_package_cpp': CMAKE_PREFIX_PATH=${CMAKE_PREFIX_PATH}:/opt/ros/jazzy /usr/bin/cmake --build /root/ros2_ws/src/build/first_package_cpp -- -j16 -l16
[0.177s] -- Found ament_cmake: 2.5.4 (/opt/ros/jazzy/share/ament_cmake/cmake)
[0.581s] -- Override CMake install command with custom implementation using symlinks instead of copying resources
[0.652s] -- Found rclcpp: 28.1.11 (/opt/ros/jazzy/share/rclcpp/cmake)
[0.741s] -- Found rosidl_generator_c: 4.6.6 (/opt/ros/jazzy/share/rosidl_generator_c/cmake)
[0.770s] -- Found rosidl_generator_cpp: 4.6.6 (/opt/ros/jazzy/share/rosidl_generator_cpp/cmake)
[0.845s] -- Using all available rosidl_typesupport_c: rosidl_typesupport_fastrtps_c;rosidl_typesupport_introspection_c
[0.901s] -- Using all available rosidl_typesupport_cpp: rosidl_typesupport_fastrtps_cpp;rosidl_typesupport_introspection_cpp
[1.113s] -- Found rmw_implementation_cmake: 7.3.2 (/opt/ros/jazzy/share/rmw_implementation_cmake/cmake)
[1.119s] -- Found rmw_fastrtps_cpp: 8.4.3 (/opt/ros/jazzy/share/rmw_fastrtps_cpp/cmake)
[1.293s] -- Using RMW implementation 'rmw_fastrtps_cpp' as default
[1.479s] -- Found std_msgs: 5.3.6 (/opt/ros/jazzy/share/std_msgs/cmake)
[1.519s] -- Found ament_lint_auto: 0.17.3 (/opt/ros/jazzy/share/ament_lint_auto/cmake)
[1.763s] -- Added test 'cppcheck' to perform static code analysis on C / C++ code
[1.764s] -- Configured cppcheck include dirs: 
[1.764s] -- Configured cppcheck exclude dirs and/or files: 
[1.769s] -- Added test 'lint_cmake' to check CMake code style
[1.773s] -- Added test 'uncrustify' to check C / C++ code style
[1.773s] -- Configured uncrustify additional arguments: 
[1.773s] -- Added test 'xmllint' to check XML markup files
[1.777s] -- Configuring done (1.6s)
[1.807s] -- Generating done (0.0s)
[1.815s] -- Build files have been written to: /root/ros2_ws/src/build/first_package_cpp
[1.923s] [100%] Built target minimal_publisher_node
[1.939s] Invoked command in '/root/ros2_ws/src/build/first_package_cpp' returned '0': CMAKE_PREFIX_PATH=${CMAKE_PREFIX_PATH}:/opt/ros/jazzy /usr/bin/cmake --build /root/ros2_ws/src/build/first_package_cpp -- -j16 -l16
[1.959s] Invoking command in '/root/ros2_ws/src/build/first_package_cpp': CMAKE_PREFIX_PATH=${CMAKE_PREFIX_PATH}:/opt/ros/jazzy /usr/bin/cmake --install /root/ros2_ws/src/build/first_package_cpp
[1.971s] -- Install configuration: ""
[1.971s] -- Execute custom install script
[1.972s] -- Up-to-date symlink: /root/ros2_ws/src/install/first_package_cpp/lib/first_package_cpp/minimal_publisher_node
[1.974s] -- Up-to-date symlink: /root/ros2_ws/src/install/first_package_cpp/share/ament_index/resource_index/package_run_dependencies/first_package_cpp
[1.976s] -- Up-to-date symlink: /root/ros2_ws/src/install/first_package_cpp/share/ament_index/resource_index/parent_prefix_path/first_package_cpp
[1.977s] -- Up-to-date symlink: /root/ros2_ws/src/install/first_package_cpp/share/first_package_cpp/environment/ament_prefix_path.sh
[1.977s] -- Up-to-date symlink: /root/ros2_ws/src/install/first_package_cpp/share/first_package_cpp/environment/ament_prefix_path.dsv
[1.978s] -- Up-to-date symlink: /root/ros2_ws/src/install/first_package_cpp/share/first_package_cpp/environment/path.sh
[1.978s] -- Up-to-date symlink: /root/ros2_ws/src/install/first_package_cpp/share/first_package_cpp/environment/path.dsv
[1.978s] -- Up-to-date symlink: /root/ros2_ws/src/install/first_package_cpp/share/first_package_cpp/local_setup.bash
[1.979s] -- Up-to-date symlink: /root/ros2_ws/src/install/first_package_cpp/share/first_package_cpp/local_setup.sh
[1.979s] -- Up-to-date symlink: /root/ros2_ws/src/install/first_package_cpp/share/first_package_cpp/local_setup.zsh
[1.979s] -- Up-to-date symlink: /root/ros2_ws/src/install/first_package_cpp/share/first_package_cpp/local_setup.dsv
[1.979s] -- Symlinking: /root/ros2_ws/src/install/first_package_cpp/share/first_package_cpp/package.dsv
[1.994s] -- Up-to-date symlink: /root/ros2_ws/src/install/first_package_cpp/share/ament_index/resource_index/packages/first_package_cpp
[1.994s] -- Up-to-date symlink: /root/ros2_ws/src/install/first_package_cpp/share/first_package_cpp/cmake/first_package_cppConfig.cmake
[1.995s] -- Up-to-date symlink: /root/ros2_ws/src/install/first_package_cpp/share/first_package_cpp/cmake/first_package_cppConfig-version.cmake
[1.996s] -- Up-to-date symlink: /root/ros2_ws/src/install/first_package_cpp/share/first_package_cpp/package.xml
[1.997s] Invoked command in '/root/ros2_ws/src/build/first_package_cpp' returned '0': CMAKE_PREFIX_PATH=${CMAKE_PREFIX_PATH}:/opt/ros/jazzy /usr/bin/cmake --install /root/ros2_ws/src/build/first_package_cpp
