-- The C compiler identification is GNU 13.3.0
-- The CXX compiler identification is GNU 13.3.0
-- Detecting C compiler ABI info
-- Detecting C compiler ABI info - done
-- Check for working C compiler: /usr/bin/cc - skipped
-- Detecting C compile features
-- Detecting C compile features - done
-- Detecting CXX compiler ABI info
-- Detecting CXX compiler ABI info - done
-- Check for working CXX compiler: /usr/bin/c++ - skipped
-- Detecting CXX compile features
-- Detecting CXX compile features - done
-- Found ament_cmake: 2.5.4 (/opt/ros/jazzy/share/ament_cmake/cmake)
-- Found Python3: /usr/bin/python3 (found version "3.12.3") found components: Interpreter 
-- Found rclcpp: 28.1.11 (/opt/ros/jazzy/share/rclcpp/cmake)
-- Found rosidl_generator_c: 4.6.6 (/opt/ros/jazzy/share/rosidl_generator_c/cmake)
-- Found rosidl_generator_cpp: 4.6.6 (/opt/ros/jazzy/share/rosidl_generator_cpp/cmake)
-- Using all available rosidl_typesupport_c: rosidl_typesupport_fastrtps_c;rosidl_typesupport_introspection_c
-- Using all available rosidl_typesupport_cpp: rosidl_typesupport_fastrtps_cpp;rosidl_typesupport_introspection_cpp
-- Found rmw_implementation_cmake: 7.3.2 (/opt/ros/jazzy/share/rmw_implementation_cmake/cmake)
-- Found rmw_fastrtps_cpp: 8.4.3 (/opt/ros/jazzy/share/rmw_fastrtps_cpp/cmake)
-- Found OpenSSL: /usr/lib/x86_64-linux-gnu/libcrypto.so (found version "3.0.13")  
-- Found FastRTPS: /opt/ros/jazzy/include (Required is at least version "2.13") 
-- Using RMW implementation 'rmw_fastrtps_cpp' as default
-- Found ament_lint_auto: 0.17.3 (/opt/ros/jazzy/share/ament_lint_auto/cmake)
-- Added test 'lint_cmake' to check CMake code style
-- Added test 'xmllint' to check XML markup files
-- Configuring done (2.1s)
-- Generating done (0.0s)
-- Build files have been written to: /root/ros2_ws/src/build/assignment_2
-- Install configuration: ""
-- Installing: /root/ros2_ws/src/install/assignment_2/share/ament_index/resource_index/package_run_dependencies/assignment_2
-- Installing: /root/ros2_ws/src/install/assignment_2/share/ament_index/resource_index/parent_prefix_path/assignment_2
-- Installing: /root/ros2_ws/src/install/assignment_2/share/assignment_2/environment/ament_prefix_path.sh
-- Installing: /root/ros2_ws/src/install/assignment_2/share/assignment_2/environment/ament_prefix_path.dsv
-- Installing: /root/ros2_ws/src/install/assignment_2/share/assignment_2/environment/path.sh
-- Installing: /root/ros2_ws/src/install/assignment_2/share/assignment_2/environment/path.dsv
-- Installing: /root/ros2_ws/src/install/assignment_2/share/assignment_2/local_setup.bash
-- Installing: /root/ros2_ws/src/install/assignment_2/share/assignment_2/local_setup.sh
-- Installing: /root/ros2_ws/src/install/assignment_2/share/assignment_2/local_setup.zsh
-- Installing: /root/ros2_ws/src/install/assignment_2/share/assignment_2/local_setup.dsv
-- Installing: /root/ros2_ws/src/install/assignment_2/share/assignment_2/package.dsv
-- Installing: /root/ros2_ws/src/install/assignment_2/share/ament_index/resource_index/packages/assignment_2
-- Installing: /root/ros2_ws/src/install/assignment_2/share/assignment_2/cmake/assignment_2Config.cmake
-- Installing: /root/ros2_ws/src/install/assignment_2/share/assignment_2/cmake/assignment_2Config-version.cmake
-- Installing: /root/ros2_ws/src/install/assignment_2/share/assignment_2/package.xml
