[0.023s] Invoking command in '/root/ros2_ws/src/build/assignment_2': CMAKE_PREFIX_PATH=${CMAKE_PREFIX_PATH}:/opt/ros/jazzy /usr/bin/cmake /root/ros2_ws/src/assignment_2 -DCMAKE_INSTALL_PREFIX=/root/ros2_ws/src/install/assignment_2
[0.183s] -- The C compiler identification is GNU 13.3.0
[0.256s] -- The CXX compiler identification is GNU 13.3.0
[0.283s] -- Detecting C compiler ABI info
[0.408s] -- Detecting C compiler ABI info - done
[0.417s] -- Check for working C compiler: /usr/bin/cc - skipped
[0.420s] -- Detecting C compile features
[0.420s] -- Detecting C compile features - done
[0.433s] -- Detecting CXX compiler ABI info
[0.565s] -- Detecting CXX compiler ABI info - done
[0.576s] -- Check for working CXX compiler: /usr/bin/c++ - skipped
[0.576s] -- Detecting CXX compile features
[0.580s] -- Detecting CXX compile features - done
[0.631s] -- Found ament_cmake: 2.5.4 (/opt/ros/jazzy/share/ament_cmake/cmake)
[0.827s] -- Found Python3: /usr/bin/python3 (found version "3.12.3") found components: Interpreter 
[1.047s] -- Found rclcpp: 28.1.11 (/opt/ros/jazzy/share/rclcpp/cmake)
[1.170s] -- Found rosidl_generator_c: 4.6.6 (/opt/ros/jazzy/share/rosidl_generator_c/cmake)
[1.205s] -- Found rosidl_generator_cpp: 4.6.6 (/opt/ros/jazzy/share/rosidl_generator_cpp/cmake)
[1.261s] -- Using all available rosidl_typesupport_c: rosidl_typesupport_fastrtps_c;rosidl_typesupport_introspection_c
[1.326s] -- Using all available rosidl_typesupport_cpp: rosidl_typesupport_fastrtps_cpp;rosidl_typesupport_introspection_cpp
[1.507s] -- Found rmw_implementation_cmake: 7.3.2 (/opt/ros/jazzy/share/rmw_implementation_cmake/cmake)
[1.516s] -- Found rmw_fastrtps_cpp: 8.4.3 (/opt/ros/jazzy/share/rmw_fastrtps_cpp/cmake)
[1.692s] -- Found OpenSSL: /usr/lib/x86_64-linux-gnu/libcrypto.so (found version "3.0.13")  
[1.723s] -- Found FastRTPS: /opt/ros/jazzy/include (Required is at least version "2.13") 
[1.754s] -- Using RMW implementation 'rmw_fastrtps_cpp' as default
[1.907s] -- Found ament_lint_auto: 0.17.3 (/opt/ros/jazzy/share/ament_lint_auto/cmake)
[2.086s] -- Added test 'lint_cmake' to check CMake code style
[2.090s] -- Added test 'xmllint' to check XML markup files
[2.092s] -- Configuring done (2.1s)
[2.102s] -- Generating done (0.0s)
[2.107s] -- Build files have been written to: /root/ros2_ws/src/build/assignment_2
[2.124s] Invoked command in '/root/ros2_ws/src/build/assignment_2' returned '0': CMAKE_PREFIX_PATH=${CMAKE_PREFIX_PATH}:/opt/ros/jazzy /usr/bin/cmake /root/ros2_ws/src/assignment_2 -DCMAKE_INSTALL_PREFIX=/root/ros2_ws/src/install/assignment_2
[2.125s] Invoking command in '/root/ros2_ws/src/build/assignment_2': CMAKE_PREFIX_PATH=${CMAKE_PREFIX_PATH}:/opt/ros/jazzy /usr/bin/cmake --build /root/ros2_ws/src/build/assignment_2 -- -j16 -l16
[2.197s] Invoked command in '/root/ros2_ws/src/build/assignment_2' returned '0': CMAKE_PREFIX_PATH=${CMAKE_PREFIX_PATH}:/opt/ros/jazzy /usr/bin/cmake --build /root/ros2_ws/src/build/assignment_2 -- -j16 -l16
[2.199s] Invoking command in '/root/ros2_ws/src/build/assignment_2': CMAKE_PREFIX_PATH=${CMAKE_PREFIX_PATH}:/opt/ros/jazzy /usr/bin/cmake --install /root/ros2_ws/src/build/assignment_2
[2.211s] -- Install configuration: ""
[2.212s] -- Installing: /root/ros2_ws/src/install/assignment_2/share/ament_index/resource_index/package_run_dependencies/assignment_2
[2.213s] -- Installing: /root/ros2_ws/src/install/assignment_2/share/ament_index/resource_index/parent_prefix_path/assignment_2
[2.213s] -- Installing: /root/ros2_ws/src/install/assignment_2/share/assignment_2/environment/ament_prefix_path.sh
[2.213s] -- Installing: /root/ros2_ws/src/install/assignment_2/share/assignment_2/environment/ament_prefix_path.dsv
[2.214s] -- Installing: /root/ros2_ws/src/install/assignment_2/share/assignment_2/environment/path.sh
[2.214s] -- Installing: /root/ros2_ws/src/install/assignment_2/share/assignment_2/environment/path.dsv
[2.215s] -- Installing: /root/ros2_ws/src/install/assignment_2/share/assignment_2/local_setup.bash
[2.215s] -- Installing: /root/ros2_ws/src/install/assignment_2/share/assignment_2/local_setup.sh
[2.215s] -- Installing: /root/ros2_ws/src/install/assignment_2/share/assignment_2/local_setup.zsh
[2.215s] -- Installing: /root/ros2_ws/src/install/assignment_2/share/assignment_2/local_setup.dsv
[2.215s] -- Installing: /root/ros2_ws/src/install/assignment_2/share/assignment_2/package.dsv
[2.216s] -- Installing: /root/ros2_ws/src/install/assignment_2/share/ament_index/resource_index/packages/assignment_2
[2.216s] -- Installing: /root/ros2_ws/src/install/assignment_2/share/assignment_2/cmake/assignment_2Config.cmake
[2.217s] -- Installing: /root/ros2_ws/src/install/assignment_2/share/assignment_2/cmake/assignment_2Config-version.cmake
[2.217s] -- Installing: /root/ros2_ws/src/install/assignment_2/share/assignment_2/package.xml
[2.220s] Invoked command in '/root/ros2_ws/src/build/assignment_2' returned '0': CMAKE_PREFIX_PATH=${CMAKE_PREFIX_PATH}:/opt/ros/jazzy /usr/bin/cmake --install /root/ros2_ws/src/build/assignment_2
