[0.027s] Invoking command in '/root/ros2_ws/src/build/first_package_cpp': CMAKE_PREFIX_PATH=${CMAKE_PREFIX_PATH}:/opt/ros/jazzy /usr/bin/cmake --build /root/ros2_ws/src/build/first_package_cpp -- -j16 -l16
[0.098s] [100%] Built target minimal_publisher_node
[0.113s] Invoked command in '/root/ros2_ws/src/build/first_package_cpp' returned '0': CMAKE_PREFIX_PATH=${CMAKE_PREFIX_PATH}:/opt/ros/jazzy /usr/bin/cmake --build /root/ros2_ws/src/build/first_package_cpp -- -j16 -l16
[0.126s] Invoking command in '/root/ros2_ws/src/build/first_package_cpp': CMAKE_PREFIX_PATH=${CMAKE_PREFIX_PATH}:/opt/ros/jazzy /usr/bin/cmake --install /root/ros2_ws/src/build/first_package_cpp
[0.140s] -- Install configuration: ""
[0.140s] -- Execute custom install script
[0.140s] -- Up-to-date symlink: /root/ros2_ws/src/install/first_package_cpp/lib/first_package_cpp/minimal_publisher_node
[0.141s] -- Up-to-date symlink: /root/ros2_ws/src/install/first_package_cpp/share/ament_index/resource_index/package_run_dependencies/first_package_cpp
[0.142s] -- Up-to-date symlink: /root/ros2_ws/src/install/first_package_cpp/share/ament_index/resource_index/parent_prefix_path/first_package_cpp
[0.142s] -- Up-to-date symlink: /root/ros2_ws/src/install/first_package_cpp/share/first_package_cpp/environment/ament_prefix_path.sh
[0.143s] -- Up-to-date symlink: /root/ros2_ws/src/install/first_package_cpp/share/first_package_cpp/environment/ament_prefix_path.dsv
[0.144s] -- Up-to-date symlink: /root/ros2_ws/src/install/first_package_cpp/share/first_package_cpp/environment/path.sh
[0.146s] -- Up-to-date symlink: /root/ros2_ws/src/install/first_package_cpp/share/first_package_cpp/environment/path.dsv
[0.146s] -- Up-to-date symlink: /root/ros2_ws/src/install/first_package_cpp/share/first_package_cpp/local_setup.bash
[0.147s] -- Up-to-date symlink: /root/ros2_ws/src/install/first_package_cpp/share/first_package_cpp/local_setup.sh
[0.148s] -- Up-to-date symlink: /root/ros2_ws/src/install/first_package_cpp/share/first_package_cpp/local_setup.zsh
[0.149s] -- Up-to-date symlink: /root/ros2_ws/src/install/first_package_cpp/share/first_package_cpp/local_setup.dsv
[0.149s] -- Symlinking: /root/ros2_ws/src/install/first_package_cpp/share/first_package_cpp/package.dsv
[0.163s] -- Up-to-date symlink: /root/ros2_ws/src/install/first_package_cpp/share/ament_index/resource_index/packages/first_package_cpp
[0.164s] -- Up-to-date symlink: /root/ros2_ws/src/install/first_package_cpp/share/first_package_cpp/cmake/first_package_cppConfig.cmake
[0.164s] -- Up-to-date symlink: /root/ros2_ws/src/install/first_package_cpp/share/first_package_cpp/cmake/first_package_cppConfig-version.cmake
[0.165s] -- Up-to-date symlink: /root/ros2_ws/src/install/first_package_cpp/share/first_package_cpp/package.xml
[0.168s] Invoked command in '/root/ros2_ws/src/build/first_package_cpp' returned '0': CMAKE_PREFIX_PATH=${CMAKE_PREFIX_PATH}:/opt/ros/jazzy /usr/bin/cmake --install /root/ros2_ws/src/build/first_package_cpp
