[0.111s] DEBUG:colcon:Command line arguments: ['/usr/bin/colcon', 'build']
[0.112s] DEBUG:colcon:Parsed command line arguments: Namespace(log_base=None, log_level=None, verb_name='build', build_base='build', install_base='install', merge_install=False, symlink_install=False, test_result_base=None, continue_on_error=False, executor='parallel', parallel_workers=16, event_handlers=None, ignore_user_meta=False, metas=['./colcon.meta'], base_paths=['.'], packages_ignore=None, packages_ignore_regex=None, paths=None, packages_up_to=None, packages_up_to_regex=None, packages_above=None, packages_above_and_dependencies=None, packages_above_depth=None, packages_select_by_dep=None, packages_skip_by_dep=None, packages_skip_up_to=None, packages_select_build_failed=False, packages_skip_build_finished=False, packages_select_test_failures=False, packages_skip_test_passed=False, packages_select=None, packages_skip=None, packages_select_regex=None, packages_skip_regex=None, packages_start=None, packages_end=None, cmake_args=None, cmake_target=None, cmake_target_skip_unavailable=False, cmake_clean_cache=False, cmake_clean_first=False, cmake_force_configure=False, ament_cmake_args=None, catkin_cmake_args=None, catkin_skip_building_tests=False, mixin_files=None, mixin=None, verb_parser=<colcon_mixin.mixin.mixin_argument.MixinArgumentDecorator object at 0x793f6d9fe060>, verb_extension=<colcon_core.verb.build.BuildVerb object at 0x793f6db1a4b0>, main=<bound method BuildVerb.main of <colcon_core.verb.build.BuildVerb object at 0x793f6db1a4b0>>, mixin_verb=('build',))
[0.153s] Level 1:colcon.colcon_core.package_discovery:discover_packages(colcon_meta) check parameters
[0.154s] INFO:colcon.colcon_metadata.package_discovery.colcon_meta:Using configuration from '/root/.colcon/metadata/default/Gazebo.meta'
[0.154s] INFO:colcon.colcon_metadata.package_discovery.colcon_meta:Using configuration from '/root/.colcon/metadata/default/fastdds.meta'
[0.155s] INFO:colcon.colcon_metadata.package_discovery.colcon_meta:Using configuration from '/root/.colcon/metadata/default/fastrtps.meta'
[0.155s] Level 1:colcon.colcon_core.package_discovery:discover_packages(recursive) check parameters
[0.155s] Level 1:colcon.colcon_core.package_discovery:discover_packages(ignore) check parameters
[0.155s] Level 1:colcon.colcon_core.package_discovery:discover_packages(path) check parameters
[0.155s] Level 1:colcon.colcon_core.package_discovery:discover_packages(colcon_meta) discover
[0.155s] Level 1:colcon.colcon_core.package_discovery:discover_packages(recursive) discover
[0.155s] INFO:colcon.colcon_core.package_discovery:Crawling recursively for packages in '/root/ros2_ws/src'
[0.155s] Level 1:colcon.colcon_core.package_identification:_identify(.) by extensions ['ignore', 'ignore_ament_install']
[0.155s] Level 1:colcon.colcon_core.package_identification:_identify(.) by extension 'ignore'
[0.155s] Level 1:colcon.colcon_core.package_identification:_identify(.) by extension 'ignore_ament_install'
[0.155s] Level 1:colcon.colcon_core.package_identification:_identify(.) by extensions ['colcon_pkg']
[0.155s] Level 1:colcon.colcon_core.package_identification:_identify(.) by extension 'colcon_pkg'
[0.156s] Level 1:colcon.colcon_core.package_identification:_identify(.) by extensions ['colcon_meta']
[0.156s] Level 1:colcon.colcon_core.package_identification:_identify(.) by extension 'colcon_meta'
[0.156s] Level 1:colcon.colcon_core.package_identification:_identify(.) by extensions ['ros']
[0.156s] Level 1:colcon.colcon_core.package_identification:_identify(.) by extension 'ros'
[0.183s] Level 1:colcon.colcon_core.package_identification:_identify(.) by extensions ['cmake', 'python']
[0.183s] Level 1:colcon.colcon_core.package_identification:_identify(.) by extension 'cmake'
[0.184s] Level 1:colcon.colcon_core.package_identification:_identify(.) by extension 'python'
[0.184s] Level 1:colcon.colcon_core.package_identification:_identify(.) by extensions ['python_setup_py']
[0.184s] Level 1:colcon.colcon_core.package_identification:_identify(.) by extension 'python_setup_py'
[0.184s] Level 1:colcon.colcon_core.package_identification:_identify(assignment1_rt) by extensions ['ignore', 'ignore_ament_install']
[0.184s] Level 1:colcon.colcon_core.package_identification:_identify(assignment1_rt) by extension 'ignore'
[0.184s] Level 1:colcon.colcon_core.package_identification:_identify(assignment1_rt) by extension 'ignore_ament_install'
[0.184s] Level 1:colcon.colcon_core.package_identification:_identify(assignment1_rt) by extensions ['colcon_pkg']
[0.184s] Level 1:colcon.colcon_core.package_identification:_identify(assignment1_rt) by extension 'colcon_pkg'
[0.184s] Level 1:colcon.colcon_core.package_identification:_identify(assignment1_rt) by extensions ['colcon_meta']
[0.184s] Level 1:colcon.colcon_core.package_identification:_identify(assignment1_rt) by extension 'colcon_meta'
[0.184s] Level 1:colcon.colcon_core.package_identification:_identify(assignment1_rt) by extensions ['ros']
[0.184s] Level 1:colcon.colcon_core.package_identification:_identify(assignment1_rt) by extension 'ros'
[0.187s] DEBUG:colcon.colcon_core.package_identification:Package 'assignment1_rt' with type 'ros.ament_cmake' and name 'assignment1_rt'
[0.187s] Level 1:colcon.colcon_core.package_identification:_identify(assignment_2) by extensions ['ignore', 'ignore_ament_install']
[0.187s] Level 1:colcon.colcon_core.package_identification:_identify(assignment_2) by extension 'ignore'
[0.187s] Level 1:colcon.colcon_core.package_identification:_identify(assignment_2) by extension 'ignore_ament_install'
[0.188s] Level 1:colcon.colcon_core.package_identification:_identify(assignment_2) by extensions ['colcon_pkg']
[0.188s] Level 1:colcon.colcon_core.package_identification:_identify(assignment_2) by extension 'colcon_pkg'
[0.188s] Level 1:colcon.colcon_core.package_identification:_identify(assignment_2) by extensions ['colcon_meta']
[0.188s] Level 1:colcon.colcon_core.package_identification:_identify(assignment_2) by extension 'colcon_meta'
[0.188s] Level 1:colcon.colcon_core.package_identification:_identify(assignment_2) by extensions ['ros']
[0.188s] Level 1:colcon.colcon_core.package_identification:_identify(assignment_2) by extension 'ros'
[0.188s] DEBUG:colcon.colcon_core.package_identification:Package 'assignment_2' with type 'ros.ament_cmake' and name 'assignment_2'
[0.188s] Level 1:colcon.colcon_core.package_identification:_identify(build) by extensions ['ignore', 'ignore_ament_install']
[0.189s] Level 1:colcon.colcon_core.package_identification:_identify(build) by extension 'ignore'
[0.189s] Level 1:colcon.colcon_core.package_identification:_identify(build) ignored
[0.189s] Level 1:colcon.colcon_core.package_identification:_identify(first_package_cpp) by extensions ['ignore', 'ignore_ament_install']
[0.189s] Level 1:colcon.colcon_core.package_identification:_identify(first_package_cpp) by extension 'ignore'
[0.189s] Level 1:colcon.colcon_core.package_identification:_identify(first_package_cpp) by extension 'ignore_ament_install'
[0.189s] Level 1:colcon.colcon_core.package_identification:_identify(first_package_cpp) by extensions ['colcon_pkg']
[0.189s] Level 1:colcon.colcon_core.package_identification:_identify(first_package_cpp) by extension 'colcon_pkg'
[0.189s] Level 1:colcon.colcon_core.package_identification:_identify(first_package_cpp) by extensions ['colcon_meta']
[0.189s] Level 1:colcon.colcon_core.package_identification:_identify(first_package_cpp) by extension 'colcon_meta'
[0.189s] Level 1:colcon.colcon_core.package_identification:_identify(first_package_cpp) by extensions ['ros']
[0.189s] Level 1:colcon.colcon_core.package_identification:_identify(first_package_cpp) by extension 'ros'
[0.190s] DEBUG:colcon.colcon_core.package_identification:Package 'first_package_cpp' with type 'ros.ament_cmake' and name 'first_package_cpp'
[0.190s] Level 1:colcon.colcon_core.package_identification:_identify(install) by extensions ['ignore', 'ignore_ament_install']
[0.190s] Level 1:colcon.colcon_core.package_identification:_identify(install) by extension 'ignore'
[0.190s] Level 1:colcon.colcon_core.package_identification:_identify(install) ignored
[0.190s] Level 1:colcon.colcon_core.package_identification:_identify(log) by extensions ['ignore', 'ignore_ament_install']
[0.191s] Level 1:colcon.colcon_core.package_identification:_identify(log) by extension 'ignore'
[0.191s] Level 1:colcon.colcon_core.package_identification:_identify(log) ignored
[0.191s] Level 1:colcon.colcon_core.package_discovery:discover_packages(recursive) using defaults
[0.191s] Level 1:colcon.colcon_core.package_discovery:discover_packages(ignore) discover
[0.191s] Level 1:colcon.colcon_core.package_discovery:discover_packages(ignore) using defaults
[0.191s] Level 1:colcon.colcon_core.package_discovery:discover_packages(path) discover
[0.191s] Level 1:colcon.colcon_core.package_discovery:discover_packages(path) using defaults
[0.212s] Level 5:colcon.colcon_core.verb:set package 'assignment1_rt' build argument 'cmake_args' from command line to 'None'
[0.212s] Level 5:colcon.colcon_core.verb:set package 'assignment1_rt' build argument 'cmake_target' from command line to 'None'
[0.212s] Level 5:colcon.colcon_core.verb:set package 'assignment1_rt' build argument 'cmake_target_skip_unavailable' from command line to 'False'
[0.212s] Level 5:colcon.colcon_core.verb:set package 'assignment1_rt' build argument 'cmake_clean_cache' from command line to 'False'
[0.212s] Level 5:colcon.colcon_core.verb:set package 'assignment1_rt' build argument 'cmake_clean_first' from command line to 'False'
[0.212s] Level 5:colcon.colcon_core.verb:set package 'assignment1_rt' build argument 'cmake_force_configure' from command line to 'False'
[0.212s] Level 5:colcon.colcon_core.verb:set package 'assignment1_rt' build argument 'ament_cmake_args' from command line to 'None'
[0.212s] Level 5:colcon.colcon_core.verb:set package 'assignment1_rt' build argument 'catkin_cmake_args' from command line to 'None'
[0.212s] Level 5:colcon.colcon_core.verb:set package 'assignment1_rt' build argument 'catkin_skip_building_tests' from command line to 'False'
[0.212s] DEBUG:colcon.colcon_core.verb:Building package 'assignment1_rt' with the following arguments: {'ament_cmake_args': None, 'build_base': '/root/ros2_ws/src/build/assignment1_rt', 'catkin_cmake_args': None, 'catkin_skip_building_tests': False, 'cmake_args': None, 'cmake_clean_cache': False, 'cmake_clean_first': False, 'cmake_force_configure': False, 'cmake_target': None, 'cmake_target_skip_unavailable': False, 'install_base': '/root/ros2_ws/src/install/assignment1_rt', 'merge_install': False, 'path': '/root/ros2_ws/src/assignment1_rt', 'symlink_install': False, 'test_result_base': None}
[0.213s] Level 5:colcon.colcon_core.verb:set package 'assignment_2' build argument 'cmake_args' from command line to 'None'
[0.213s] Level 5:colcon.colcon_core.verb:set package 'assignment_2' build argument 'cmake_target' from command line to 'None'
[0.213s] Level 5:colcon.colcon_core.verb:set package 'assignment_2' build argument 'cmake_target_skip_unavailable' from command line to 'False'
[0.213s] Level 5:colcon.colcon_core.verb:set package 'assignment_2' build argument 'cmake_clean_cache' from command line to 'False'
[0.213s] Level 5:colcon.colcon_core.verb:set package 'assignment_2' build argument 'cmake_clean_first' from command line to 'False'
[0.213s] Level 5:colcon.colcon_core.verb:set package 'assignment_2' build argument 'cmake_force_configure' from command line to 'False'
[0.213s] Level 5:colcon.colcon_core.verb:set package 'assignment_2' build argument 'ament_cmake_args' from command line to 'None'
[0.213s] Level 5:colcon.colcon_core.verb:set package 'assignment_2' build argument 'catkin_cmake_args' from command line to 'None'
[0.213s] Level 5:colcon.colcon_core.verb:set package 'assignment_2' build argument 'catkin_skip_building_tests' from command line to 'False'
[0.213s] DEBUG:colcon.colcon_core.verb:Building package 'assignment_2' with the following arguments: {'ament_cmake_args': None, 'build_base': '/root/ros2_ws/src/build/assignment_2', 'catkin_cmake_args': None, 'catkin_skip_building_tests': False, 'cmake_args': None, 'cmake_clean_cache': False, 'cmake_clean_first': False, 'cmake_force_configure': False, 'cmake_target': None, 'cmake_target_skip_unavailable': False, 'install_base': '/root/ros2_ws/src/install/assignment_2', 'merge_install': False, 'path': '/root/ros2_ws/src/assignment_2', 'symlink_install': False, 'test_result_base': None}
[0.214s] Level 5:colcon.colcon_core.verb:set package 'first_package_cpp' build argument 'cmake_args' from command line to 'None'
[0.214s] Level 5:colcon.colcon_core.verb:set package 'first_package_cpp' build argument 'cmake_target' from command line to 'None'
[0.214s] Level 5:colcon.colcon_core.verb:set package 'first_package_cpp' build argument 'cmake_target_skip_unavailable' from command line to 'False'
[0.214s] Level 5:colcon.colcon_core.verb:set package 'first_package_cpp' build argument 'cmake_clean_cache' from command line to 'False'
[0.214s] Level 5:colcon.colcon_core.verb:set package 'first_package_cpp' build argument 'cmake_clean_first' from command line to 'False'
[0.214s] Level 5:colcon.colcon_core.verb:set package 'first_package_cpp' build argument 'cmake_force_configure' from command line to 'False'
[0.214s] Level 5:colcon.colcon_core.verb:set package 'first_package_cpp' build argument 'ament_cmake_args' from command line to 'None'
[0.214s] Level 5:colcon.colcon_core.verb:set package 'first_package_cpp' build argument 'catkin_cmake_args' from command line to 'None'
[0.214s] Level 5:colcon.colcon_core.verb:set package 'first_package_cpp' build argument 'catkin_skip_building_tests' from command line to 'False'
[0.214s] DEBUG:colcon.colcon_core.verb:Building package 'first_package_cpp' with the following arguments: {'ament_cmake_args': None, 'build_base': '/root/ros2_ws/src/build/first_package_cpp', 'catkin_cmake_args': None, 'catkin_skip_building_tests': False, 'cmake_args': None, 'cmake_clean_cache': False, 'cmake_clean_first': False, 'cmake_force_configure': False, 'cmake_target': None, 'cmake_target_skip_unavailable': False, 'install_base': '/root/ros2_ws/src/install/first_package_cpp', 'merge_install': False, 'path': '/root/ros2_ws/src/first_package_cpp', 'symlink_install': False, 'test_result_base': None}
[0.214s] INFO:colcon.colcon_core.executor:Executing jobs using 'parallel' executor
[0.215s] DEBUG:colcon.colcon_parallel_executor.executor.parallel:run_until_complete
[0.215s] INFO:colcon.colcon_ros.task.ament_cmake.build:Building ROS package in '/root/ros2_ws/src/assignment1_rt' with build type 'ament_cmake'
[0.216s] INFO:colcon.colcon_cmake.task.cmake.build:Building CMake package in '/root/ros2_ws/src/assignment1_rt'
[0.218s] INFO:colcon.colcon_core.plugin_system:Skipping extension 'colcon_core.shell.bat': Not used on non-Windows systems
[0.218s] INFO:colcon.colcon_core.shell:Skip shell extension 'powershell' for command environment: Not usable outside of PowerShell
[0.218s] DEBUG:colcon.colcon_core.shell:Skip shell extension 'dsv' for command environment
[0.222s] INFO:colcon.colcon_ros.task.ament_cmake.build:Building ROS package in '/root/ros2_ws/src/assignment_2' with build type 'ament_cmake'
[0.222s] INFO:colcon.colcon_cmake.task.cmake.build:Building CMake package in '/root/ros2_ws/src/assignment_2'
[0.223s] INFO:colcon.colcon_core.shell:Skip shell extension 'powershell' for command environment: Not usable outside of PowerShell
[0.223s] DEBUG:colcon.colcon_core.shell:Skip shell extension 'dsv' for command environment
[0.230s] INFO:colcon.colcon_ros.task.ament_cmake.build:Building ROS package in '/root/ros2_ws/src/first_package_cpp' with build type 'ament_cmake'
[0.230s] INFO:colcon.colcon_cmake.task.cmake.build:Building CMake package in '/root/ros2_ws/src/first_package_cpp'
[0.230s] INFO:colcon.colcon_core.shell:Skip shell extension 'powershell' for command environment: Not usable outside of PowerShell
[0.230s] DEBUG:colcon.colcon_core.shell:Skip shell extension 'dsv' for command environment
[0.245s] DEBUG:colcon.colcon_core.event_handler.log_command:Invoking command in '/root/ros2_ws/src/build/assignment1_rt': CMAKE_PREFIX_PATH=${CMAKE_PREFIX_PATH}:/opt/ros/jazzy /usr/bin/cmake --build /root/ros2_ws/src/build/assignment1_rt -- -j16 -l16
[0.252s] DEBUG:colcon.colcon_core.event_handler.log_command:Invoking command in '/root/ros2_ws/src/build/assignment_2': CMAKE_PREFIX_PATH=${CMAKE_PREFIX_PATH}:/opt/ros/jazzy /usr/bin/cmake --build /root/ros2_ws/src/build/assignment_2 -- -j16 -l16
[0.254s] DEBUG:colcon.colcon_core.event_handler.log_command:Invoking command in '/root/ros2_ws/src/build/first_package_cpp': CMAKE_PREFIX_PATH=${CMAKE_PREFIX_PATH}:/opt/ros/jazzy /usr/bin/cmake --build /root/ros2_ws/src/build/first_package_cpp -- -j16 -l16
[0.305s] DEBUG:colcon.colcon_core.event_handler.log_command:Invoked command in '/root/ros2_ws/src/build/assignment_2' returned '0': CMAKE_PREFIX_PATH=${CMAKE_PREFIX_PATH}:/opt/ros/jazzy /usr/bin/cmake --build /root/ros2_ws/src/build/assignment_2 -- -j16 -l16
[0.318s] DEBUG:colcon.colcon_core.event_handler.log_command:Invoking command in '/root/ros2_ws/src/build/assignment_2': CMAKE_PREFIX_PATH=${CMAKE_PREFIX_PATH}:/opt/ros/jazzy /usr/bin/cmake --install /root/ros2_ws/src/build/assignment_2
[0.335s] Level 1:colcon.colcon_core.environment:create_environment_scripts_only(assignment_2)
[0.336s] DEBUG:colcon.colcon_core.event_handler.log_command:Invoked command in '/root/ros2_ws/src/build/assignment_2' returned '0': CMAKE_PREFIX_PATH=${CMAKE_PREFIX_PATH}:/opt/ros/jazzy /usr/bin/cmake --install /root/ros2_ws/src/build/assignment_2
[0.339s] Level 1:colcon.colcon_core.environment:checking '/root/ros2_ws/src/install/assignment_2' for CMake module files
[0.339s] Level 1:colcon.colcon_core.environment:checking '/root/ros2_ws/src/install/assignment_2' for CMake config files
[0.340s] Level 1:colcon.colcon_core.shell:create_environment_hook('assignment_2', 'cmake_prefix_path')
[0.340s] INFO:colcon.colcon_core.shell:Creating environment hook '/root/ros2_ws/src/install/assignment_2/share/assignment_2/hook/cmake_prefix_path.ps1'
[0.341s] INFO:colcon.colcon_core.shell:Creating environment descriptor '/root/ros2_ws/src/install/assignment_2/share/assignment_2/hook/cmake_prefix_path.dsv'
[0.341s] INFO:colcon.colcon_core.shell:Creating environment hook '/root/ros2_ws/src/install/assignment_2/share/assignment_2/hook/cmake_prefix_path.sh'
[0.342s] Level 1:colcon.colcon_core.environment:checking '/root/ros2_ws/src/install/assignment_2/bin'
[0.342s] Level 1:colcon.colcon_core.environment:checking '/root/ros2_ws/src/install/assignment_2/lib/pkgconfig/assignment_2.pc'
[0.345s] Level 1:colcon.colcon_core.environment:checking '/root/ros2_ws/src/install/assignment_2/lib/python3.12/site-packages'
[0.345s] Level 1:colcon.colcon_core.environment:checking '/root/ros2_ws/src/install/assignment_2/bin'
[0.348s] INFO:colcon.colcon_core.shell:Creating package script '/root/ros2_ws/src/install/assignment_2/share/assignment_2/package.ps1'
[0.349s] INFO:colcon.colcon_core.shell:Creating package descriptor '/root/ros2_ws/src/install/assignment_2/share/assignment_2/package.dsv'
[0.349s] INFO:colcon.colcon_core.shell:Creating package script '/root/ros2_ws/src/install/assignment_2/share/assignment_2/package.sh'
[0.350s] INFO:colcon.colcon_core.shell:Creating package script '/root/ros2_ws/src/install/assignment_2/share/assignment_2/package.bash'
[0.351s] INFO:colcon.colcon_core.shell:Creating package script '/root/ros2_ws/src/install/assignment_2/share/assignment_2/package.zsh'
[0.351s] Level 1:colcon.colcon_core.environment:create_file_with_runtime_dependencies(/root/ros2_ws/src/install/assignment_2/share/colcon-core/packages/assignment_2)
[0.352s] Level 1:colcon.colcon_core.environment:create_environment_scripts_only(assignment_2)
[0.352s] Level 1:colcon.colcon_core.environment:checking '/root/ros2_ws/src/install/assignment_2' for CMake module files
[0.353s] Level 1:colcon.colcon_core.environment:checking '/root/ros2_ws/src/install/assignment_2' for CMake config files
[0.353s] Level 1:colcon.colcon_core.shell:create_environment_hook('assignment_2', 'cmake_prefix_path')
[0.353s] INFO:colcon.colcon_core.shell:Creating environment hook '/root/ros2_ws/src/install/assignment_2/share/assignment_2/hook/cmake_prefix_path.ps1'
[0.354s] INFO:colcon.colcon_core.shell:Creating environment descriptor '/root/ros2_ws/src/install/assignment_2/share/assignment_2/hook/cmake_prefix_path.dsv'
[0.354s] INFO:colcon.colcon_core.shell:Creating environment hook '/root/ros2_ws/src/install/assignment_2/share/assignment_2/hook/cmake_prefix_path.sh'
[0.354s] Level 1:colcon.colcon_core.environment:checking '/root/ros2_ws/src/install/assignment_2/bin'
[0.354s] Level 1:colcon.colcon_core.environment:checking '/root/ros2_ws/src/install/assignment_2/lib/pkgconfig/assignment_2.pc'
[0.355s] Level 1:colcon.colcon_core.environment:checking '/root/ros2_ws/src/install/assignment_2/lib/python3.12/site-packages'
[0.355s] Level 1:colcon.colcon_core.environment:checking '/root/ros2_ws/src/install/assignment_2/bin'
[0.355s] INFO:colcon.colcon_core.shell:Creating package script '/root/ros2_ws/src/install/assignment_2/share/assignment_2/package.ps1'
[0.356s] INFO:colcon.colcon_core.shell:Creating package descriptor '/root/ros2_ws/src/install/assignment_2/share/assignment_2/package.dsv'
[0.356s] INFO:colcon.colcon_core.shell:Creating package script '/root/ros2_ws/src/install/assignment_2/share/assignment_2/package.sh'
[0.356s] INFO:colcon.colcon_core.shell:Creating package script '/root/ros2_ws/src/install/assignment_2/share/assignment_2/package.bash'
[0.358s] INFO:colcon.colcon_core.shell:Creating package script '/root/ros2_ws/src/install/assignment_2/share/assignment_2/package.zsh'
[0.359s] Level 1:colcon.colcon_core.environment:create_file_with_runtime_dependencies(/root/ros2_ws/src/install/assignment_2/share/colcon-core/packages/assignment_2)
[0.362s] DEBUG:colcon.colcon_core.event_handler.log_command:Invoked command in '/root/ros2_ws/src/build/first_package_cpp' returned '0': CMAKE_PREFIX_PATH=${CMAKE_PREFIX_PATH}:/opt/ros/jazzy /usr/bin/cmake --build /root/ros2_ws/src/build/first_package_cpp -- -j16 -l16
[0.364s] DEBUG:colcon.colcon_core.event_handler.log_command:Invoking command in '/root/ros2_ws/src/build/first_package_cpp': CMAKE_PREFIX_PATH=${CMAKE_PREFIX_PATH}:/opt/ros/jazzy /usr/bin/cmake --install /root/ros2_ws/src/build/first_package_cpp
[0.403s] Level 1:colcon.colcon_core.environment:create_environment_scripts_only(first_package_cpp)
[0.403s] DEBUG:colcon.colcon_core.event_handler.log_command:Invoked command in '/root/ros2_ws/src/build/first_package_cpp' returned '0': CMAKE_PREFIX_PATH=${CMAKE_PREFIX_PATH}:/opt/ros/jazzy /usr/bin/cmake --install /root/ros2_ws/src/build/first_package_cpp
[0.404s] Level 1:colcon.colcon_core.environment:checking '/root/ros2_ws/src/install/first_package_cpp' for CMake module files
[0.405s] Level 1:colcon.colcon_core.environment:checking '/root/ros2_ws/src/install/first_package_cpp' for CMake config files
[0.405s] Level 1:colcon.colcon_core.shell:create_environment_hook('first_package_cpp', 'cmake_prefix_path')
[0.406s] INFO:colcon.colcon_core.shell:Creating environment hook '/root/ros2_ws/src/install/first_package_cpp/share/first_package_cpp/hook/cmake_prefix_path.ps1'
[0.406s] INFO:colcon.colcon_core.shell:Creating environment descriptor '/root/ros2_ws/src/install/first_package_cpp/share/first_package_cpp/hook/cmake_prefix_path.dsv'
[0.406s] INFO:colcon.colcon_core.shell:Creating environment hook '/root/ros2_ws/src/install/first_package_cpp/share/first_package_cpp/hook/cmake_prefix_path.sh'
[0.407s] Level 1:colcon.colcon_core.environment:checking '/root/ros2_ws/src/install/first_package_cpp/lib'
[0.407s] Level 1:colcon.colcon_core.environment:checking '/root/ros2_ws/src/install/first_package_cpp/bin'
[0.407s] Level 1:colcon.colcon_core.environment:checking '/root/ros2_ws/src/install/first_package_cpp/lib/pkgconfig/first_package_cpp.pc'
[0.407s] Level 1:colcon.colcon_core.environment:checking '/root/ros2_ws/src/install/first_package_cpp/lib/python3.12/site-packages'
[0.407s] Level 1:colcon.colcon_core.environment:checking '/root/ros2_ws/src/install/first_package_cpp/bin'
[0.408s] INFO:colcon.colcon_core.shell:Creating package script '/root/ros2_ws/src/install/first_package_cpp/share/first_package_cpp/package.ps1'
[0.408s] INFO:colcon.colcon_core.shell:Creating package descriptor '/root/ros2_ws/src/install/first_package_cpp/share/first_package_cpp/package.dsv'
[0.409s] INFO:colcon.colcon_core.shell:Creating package script '/root/ros2_ws/src/install/first_package_cpp/share/first_package_cpp/package.sh'
[0.409s] INFO:colcon.colcon_core.shell:Creating package script '/root/ros2_ws/src/install/first_package_cpp/share/first_package_cpp/package.bash'
[0.409s] INFO:colcon.colcon_core.shell:Creating package script '/root/ros2_ws/src/install/first_package_cpp/share/first_package_cpp/package.zsh'
[0.410s] Level 1:colcon.colcon_core.environment:create_file_with_runtime_dependencies(/root/ros2_ws/src/install/first_package_cpp/share/colcon-core/packages/first_package_cpp)
[0.410s] Level 1:colcon.colcon_core.environment:create_environment_scripts_only(first_package_cpp)
[0.410s] Level 1:colcon.colcon_core.environment:checking '/root/ros2_ws/src/install/first_package_cpp' for CMake module files
[0.411s] Level 1:colcon.colcon_core.environment:checking '/root/ros2_ws/src/install/first_package_cpp' for CMake config files
[0.411s] Level 1:colcon.colcon_core.shell:create_environment_hook('first_package_cpp', 'cmake_prefix_path')
[0.411s] INFO:colcon.colcon_core.shell:Creating environment hook '/root/ros2_ws/src/install/first_package_cpp/share/first_package_cpp/hook/cmake_prefix_path.ps1'
[0.411s] INFO:colcon.colcon_core.shell:Creating environment descriptor '/root/ros2_ws/src/install/first_package_cpp/share/first_package_cpp/hook/cmake_prefix_path.dsv'
[0.412s] INFO:colcon.colcon_core.shell:Creating environment hook '/root/ros2_ws/src/install/first_package_cpp/share/first_package_cpp/hook/cmake_prefix_path.sh'
[0.412s] Level 1:colcon.colcon_core.environment:checking '/root/ros2_ws/src/install/first_package_cpp/lib'
[0.412s] Level 1:colcon.colcon_core.environment:checking '/root/ros2_ws/src/install/first_package_cpp/bin'
[0.412s] Level 1:colcon.colcon_core.environment:checking '/root/ros2_ws/src/install/first_package_cpp/lib/pkgconfig/first_package_cpp.pc'
[0.412s] Level 1:colcon.colcon_core.environment:checking '/root/ros2_ws/src/install/first_package_cpp/lib/python3.12/site-packages'
[0.412s] Level 1:colcon.colcon_core.environment:checking '/root/ros2_ws/src/install/first_package_cpp/bin'
[0.413s] INFO:colcon.colcon_core.shell:Creating package script '/root/ros2_ws/src/install/first_package_cpp/share/first_package_cpp/package.ps1'
[0.413s] INFO:colcon.colcon_core.shell:Creating package descriptor '/root/ros2_ws/src/install/first_package_cpp/share/first_package_cpp/package.dsv'
[0.413s] INFO:colcon.colcon_core.shell:Creating package script '/root/ros2_ws/src/install/first_package_cpp/share/first_package_cpp/package.sh'
[0.414s] INFO:colcon.colcon_core.shell:Creating package script '/root/ros2_ws/src/install/first_package_cpp/share/first_package_cpp/package.bash'
[0.414s] INFO:colcon.colcon_core.shell:Creating package script '/root/ros2_ws/src/install/first_package_cpp/share/first_package_cpp/package.zsh'
[0.414s] Level 1:colcon.colcon_core.environment:create_file_with_runtime_dependencies(/root/ros2_ws/src/install/first_package_cpp/share/colcon-core/packages/first_package_cpp)
[3.551s] DEBUG:colcon.colcon_core.event_handler.log_command:Invoked command in '/root/ros2_ws/src/build/assignment1_rt' returned '2': CMAKE_PREFIX_PATH=${CMAKE_PREFIX_PATH}:/opt/ros/jazzy /usr/bin/cmake --build /root/ros2_ws/src/build/assignment1_rt -- -j16 -l16
[3.552s] Level 1:colcon.colcon_core.environment:create_environment_scripts_only(assignment1_rt)
[3.552s] Level 1:colcon.colcon_core.environment:checking '/root/ros2_ws/src/install/assignment1_rt' for CMake module files
[3.553s] Level 1:colcon.colcon_core.environment:checking '/root/ros2_ws/src/install/assignment1_rt' for CMake config files
[3.553s] Level 1:colcon.colcon_core.shell:create_environment_hook('assignment1_rt', 'cmake_prefix_path')
[3.553s] INFO:colcon.colcon_core.shell:Creating environment hook '/root/ros2_ws/src/install/assignment1_rt/share/assignment1_rt/hook/cmake_prefix_path.ps1'
[3.554s] INFO:colcon.colcon_core.shell:Creating environment descriptor '/root/ros2_ws/src/install/assignment1_rt/share/assignment1_rt/hook/cmake_prefix_path.dsv'
[3.554s] INFO:colcon.colcon_core.shell:Creating environment hook '/root/ros2_ws/src/install/assignment1_rt/share/assignment1_rt/hook/cmake_prefix_path.sh'
[3.555s] Level 1:colcon.colcon_core.environment:checking '/root/ros2_ws/src/install/assignment1_rt/lib'
[3.555s] Level 1:colcon.colcon_core.environment:checking '/root/ros2_ws/src/install/assignment1_rt/bin'
[3.555s] Level 1:colcon.colcon_core.environment:checking '/root/ros2_ws/src/install/assignment1_rt/lib/pkgconfig/assignment1_rt.pc'
[3.555s] Level 1:colcon.colcon_core.environment:checking '/root/ros2_ws/src/install/assignment1_rt/lib/python3.12/site-packages'
[3.556s] Level 1:colcon.colcon_core.environment:checking '/root/ros2_ws/src/install/assignment1_rt/bin'
[3.556s] INFO:colcon.colcon_core.shell:Creating package script '/root/ros2_ws/src/install/assignment1_rt/share/assignment1_rt/package.ps1'
[3.557s] INFO:colcon.colcon_core.shell:Creating package descriptor '/root/ros2_ws/src/install/assignment1_rt/share/assignment1_rt/package.dsv'
[3.557s] INFO:colcon.colcon_core.shell:Creating package script '/root/ros2_ws/src/install/assignment1_rt/share/assignment1_rt/package.sh'
[3.557s] INFO:colcon.colcon_core.shell:Creating package script '/root/ros2_ws/src/install/assignment1_rt/share/assignment1_rt/package.bash'
[3.558s] INFO:colcon.colcon_core.shell:Creating package script '/root/ros2_ws/src/install/assignment1_rt/share/assignment1_rt/package.zsh'
[3.558s] Level 1:colcon.colcon_core.environment:create_file_with_runtime_dependencies(/root/ros2_ws/src/install/assignment1_rt/share/colcon-core/packages/assignment1_rt)
[3.569s] DEBUG:colcon.colcon_parallel_executor.executor.parallel:closing loop
[3.569s] DEBUG:colcon.colcon_parallel_executor.executor.parallel:loop closed
[3.570s] DEBUG:colcon.colcon_parallel_executor.executor.parallel:run_until_complete finished with '2'
[3.570s] DEBUG:colcon.colcon_core.event_reactor:joining thread
[3.578s] INFO:colcon.colcon_core.plugin_system:Skipping extension 'colcon_notification.desktop_notification.notify_send': Could not find 'notify-send'
[3.578s] INFO:colcon.colcon_core.plugin_system:Skipping extension 'colcon_notification.desktop_notification.terminal_notifier': Not used on non-Darwin systems
[3.578s] INFO:colcon.colcon_core.plugin_system:Skipping extension 'colcon_notification.desktop_notification.win32': Not used on non-Windows systems
[3.578s] INFO:colcon.colcon_notification.desktop_notification:Sending desktop notification using 'notify2'
[3.581s] DEBUG:colcon.colcon_notification.desktop_notification.notify2:Failed to initialize notify2: org.freedesktop.DBus.Error.Spawn.ExecFailed: /usr/bin/dbus-launch terminated abnormally without any error message
[3.581s] DEBUG:colcon.colcon_core.event_reactor:joined thread
[3.581s] INFO:colcon.colcon_core.shell:Creating prefix script '/root/ros2_ws/src/install/local_setup.ps1'
[3.585s] INFO:colcon.colcon_core.shell:Creating prefix util module '/root/ros2_ws/src/install/_local_setup_util_ps1.py'
[3.587s] INFO:colcon.colcon_core.shell:Creating prefix chain script '/root/ros2_ws/src/install/setup.ps1'
[3.588s] INFO:colcon.colcon_core.shell:Creating prefix script '/root/ros2_ws/src/install/local_setup.sh'
[3.588s] INFO:colcon.colcon_core.shell:Creating prefix util module '/root/ros2_ws/src/install/_local_setup_util_sh.py'
[3.589s] INFO:colcon.colcon_core.shell:Creating prefix chain script '/root/ros2_ws/src/install/setup.sh'
[3.590s] INFO:colcon.colcon_core.shell:Creating prefix script '/root/ros2_ws/src/install/local_setup.bash'
[3.590s] INFO:colcon.colcon_core.shell:Creating prefix chain script '/root/ros2_ws/src/install/setup.bash'
[3.591s] INFO:colcon.colcon_core.shell:Creating prefix script '/root/ros2_ws/src/install/local_setup.zsh'
[3.592s] INFO:colcon.colcon_core.shell:Creating prefix chain script '/root/ros2_ws/src/install/setup.zsh'
