[0.011s] Invoking command in '/root/ros2_ws/src/build/first_package_cpp': CMAKE_PREFIX_PATH=${CMAKE_PREFIX_PATH}:/opt/ros/jazzy /usr/bin/cmake /root/ros2_ws/src/first_package_cpp -DCMAKE_INSTALL_PREFIX=/root/ros2_ws/src/install/first_package_cpp
[0.026s] -- Found ament_cmake: 2.5.4 (/opt/ros/jazzy/share/ament_cmake/cmake)
[0.181s] -- Override CMake install command with custom implementation using symlinks instead of copying resources
[0.188s] -- Found rclcpp: 28.1.11 (/opt/ros/jazzy/share/rclcpp/cmake)
[0.206s] -- Found rosidl_generator_c: 4.6.6 (/opt/ros/jazzy/share/rosidl_generator_c/cmake)
[0.212s] -- Found rosidl_generator_cpp: 4.6.6 (/opt/ros/jazzy/share/rosidl_generator_cpp/cmake)
[0.220s] -- Using all available rosidl_typesupport_c: rosidl_typesupport_fastrtps_c;rosidl_typesupport_introspection_c
[0.233s] -- Using all available rosidl_typesupport_cpp: rosidl_typesupport_fastrtps_cpp;rosidl_typesupport_introspection_cpp
[0.274s] -- Found rmw_implementation_cmake: 7.3.2 (/opt/ros/jazzy/share/rmw_implementation_cmake/cmake)
[0.275s] -- Found rmw_fastrtps_cpp: 8.4.3 (/opt/ros/jazzy/share/rmw_fastrtps_cpp/cmake)
[0.322s] -- Using RMW implementation 'rmw_fastrtps_cpp' as default
[0.367s] -- Found std_msgs: 5.3.6 (/opt/ros/jazzy/share/std_msgs/cmake)
[0.379s] -- Found ament_lint_auto: 0.17.3 (/opt/ros/jazzy/share/ament_lint_auto/cmake)
[0.446s] -- Added test 'cppcheck' to perform static code analysis on C / C++ code
[0.447s] -- Configured cppcheck include dirs: 
[0.447s] -- Configured cppcheck exclude dirs and/or files: 
[0.447s] -- Added test 'lint_cmake' to check CMake code style
[0.447s] -- Added test 'uncrustify' to check C / C++ code style
[0.447s] -- Configured uncrustify additional arguments: 
[0.447s] -- Added test 'xmllint' to check XML markup files
[0.448s] -- Configuring done (0.4s)
[0.461s] -- Generating done (0.0s)
[0.464s] -- Build files have been written to: /root/ros2_ws/src/build/first_package_cpp
[0.469s] Invoked command in '/root/ros2_ws/src/build/first_package_cpp' returned '0': CMAKE_PREFIX_PATH=${CMAKE_PREFIX_PATH}:/opt/ros/jazzy /usr/bin/cmake /root/ros2_ws/src/first_package_cpp -DCMAKE_INSTALL_PREFIX=/root/ros2_ws/src/install/first_package_cpp
[0.470s] Invoking command in '/root/ros2_ws/src/build/first_package_cpp': CMAKE_PREFIX_PATH=${CMAKE_PREFIX_PATH}:/opt/ros/jazzy /usr/bin/cmake --build /root/ros2_ws/src/build/first_package_cpp -- -j16 -l16
[0.516s] [ 50%] [32mBuilding CXX object CMakeFiles/minimal_publisher_node.dir/src/minimal_publisher.cpp.o[0m
[3.705s] [100%] [32m[1mLinking CXX executable minimal_publisher_node[0m
[3.887s] [100%] Built target minimal_publisher_node
[3.901s] Invoked command in '/root/ros2_ws/src/build/first_package_cpp' returned '0': CMAKE_PREFIX_PATH=${CMAKE_PREFIX_PATH}:/opt/ros/jazzy /usr/bin/cmake --build /root/ros2_ws/src/build/first_package_cpp -- -j16 -l16
[3.911s] Invoking command in '/root/ros2_ws/src/build/first_package_cpp': CMAKE_PREFIX_PATH=${CMAKE_PREFIX_PATH}:/opt/ros/jazzy /usr/bin/cmake --install /root/ros2_ws/src/build/first_package_cpp
[3.918s] -- Install configuration: ""
[3.919s] -- Execute custom install script
[3.919s] -- Symlinking: /root/ros2_ws/src/install/first_package_cpp/lib/first_package_cpp/minimal_publisher_node
[3.926s] -- Up-to-date symlink: /root/ros2_ws/src/install/first_package_cpp/share/ament_index/resource_index/package_run_dependencies/first_package_cpp
[3.927s] -- Up-to-date symlink: /root/ros2_ws/src/install/first_package_cpp/share/ament_index/resource_index/parent_prefix_path/first_package_cpp
[3.928s] -- Up-to-date symlink: /root/ros2_ws/src/install/first_package_cpp/share/first_package_cpp/environment/ament_prefix_path.sh
[3.928s] -- Up-to-date symlink: /root/ros2_ws/src/install/first_package_cpp/share/first_package_cpp/environment/ament_prefix_path.dsv
[3.928s] -- Up-to-date symlink: /root/ros2_ws/src/install/first_package_cpp/share/first_package_cpp/environment/path.sh
[3.928s] -- Up-to-date symlink: /root/ros2_ws/src/install/first_package_cpp/share/first_package_cpp/environment/path.dsv
[3.928s] -- Up-to-date symlink: /root/ros2_ws/src/install/first_package_cpp/share/first_package_cpp/local_setup.bash
[3.928s] -- Up-to-date symlink: /root/ros2_ws/src/install/first_package_cpp/share/first_package_cpp/local_setup.sh
[3.928s] -- Up-to-date symlink: /root/ros2_ws/src/install/first_package_cpp/share/first_package_cpp/local_setup.zsh
[3.928s] -- Up-to-date symlink: /root/ros2_ws/src/install/first_package_cpp/share/first_package_cpp/local_setup.dsv
[3.928s] -- Symlinking: /root/ros2_ws/src/install/first_package_cpp/share/first_package_cpp/package.dsv
[3.937s] -- Up-to-date symlink: /root/ros2_ws/src/install/first_package_cpp/share/ament_index/resource_index/packages/first_package_cpp
[3.938s] -- Up-to-date symlink: /root/ros2_ws/src/install/first_package_cpp/share/first_package_cpp/cmake/first_package_cppConfig.cmake
[3.938s] -- Up-to-date symlink: /root/ros2_ws/src/install/first_package_cpp/share/first_package_cpp/cmake/first_package_cppConfig-version.cmake
[3.938s] -- Up-to-date symlink: /root/ros2_ws/src/install/first_package_cpp/share/first_package_cpp/package.xml
[3.938s] Invoked command in '/root/ros2_ws/src/build/first_package_cpp' returned '0': CMAKE_PREFIX_PATH=${CMAKE_PREFIX_PATH}:/opt/ros/jazzy /usr/bin/cmake --install /root/ros2_ws/src/build/first_package_cpp
