[ 50%] [32mBuilding CXX object CMakeFiles/distance_node.dir/src/distance_node.cpp.o[0m
[ 50%] [32mBuilding CXX object CMakeFiles/ui_node.dir/src/ui_node.cpp.o[0m
[ 75%] [32m[1mLinking CXX executable ui_node[0m
[ 75%] Built target ui_node
[100%] [32m[1mLinking CXX executable distance_node[0m
[100%] Built target distance_node
-- Install configuration: ""
-- Installing: /root/ros2_ws/src/install/assignment1_rt/lib/assignment1_rt/ui_node
-- Set non-toolchain portion of runtime path of "/root/ros2_ws/src/install/assignment1_rt/lib/assignment1_rt/ui_node" to ""
-- Installing: /root/ros2_ws/src/install/assignment1_rt/lib/assignment1_rt/distance_node
-- Set non-toolchain portion of runtime path of "/root/ros2_ws/src/install/assignment1_rt/lib/assignment1_rt/distance_node" to ""
-- Up-to-date: /root/ros2_ws/src/install/assignment1_rt/share/ament_index/resource_index/package_run_dependencies/assignment1_rt
-- Up-to-date: /root/ros2_ws/src/install/assignment1_rt/share/ament_index/resource_index/parent_prefix_path/assignment1_rt
-- Up-to-date: /root/ros2_ws/src/install/assignment1_rt/share/assignment1_rt/environment/ament_prefix_path.sh
-- Up-to-date: /root/ros2_ws/src/install/assignment1_rt/share/assignment1_rt/environment/ament_prefix_path.dsv
-- Up-to-date: /root/ros2_ws/src/install/assignment1_rt/share/assignment1_rt/environment/path.sh
-- Up-to-date: /root/ros2_ws/src/install/assignment1_rt/share/assignment1_rt/environment/path.dsv
-- Up-to-date: /root/ros2_ws/src/install/assignment1_rt/share/assignment1_rt/local_setup.bash
-- Up-to-date: /root/ros2_ws/src/install/assignment1_rt/share/assignment1_rt/local_setup.sh
-- Up-to-date: /root/ros2_ws/src/install/assignment1_rt/share/assignment1_rt/local_setup.zsh
-- Up-to-date: /root/ros2_ws/src/install/assignment1_rt/share/assignment1_rt/local_setup.dsv
-- Installing: /root/ros2_ws/src/install/assignment1_rt/share/assignment1_rt/package.dsv
-- Up-to-date: /root/ros2_ws/src/install/assignment1_rt/share/ament_index/resource_index/packages/assignment1_rt
-- Up-to-date: /root/ros2_ws/src/install/assignment1_rt/share/assignment1_rt/cmake/assignment1_rtConfig.cmake
-- Up-to-date: /root/ros2_ws/src/install/assignment1_rt/share/assignment1_rt/cmake/assignment1_rtConfig-version.cmake
-- Up-to-date: /root/ros2_ws/src/install/assignment1_rt/share/assignment1_rt/package.xml
