[0.158s] DEBUG:colcon:Command line arguments: ['/usr/bin/colcon', 'build']
[0.158s] DEBUG:colcon:Parsed command line arguments: Namespace(log_base=None, log_level=None, verb_name='build', build_base='build', install_base='install', merge_install=False, symlink_install=False, test_result_base=None, continue_on_error=False, executor='parallel', parallel_workers=16, event_handlers=None, ignore_user_meta=False, metas=['./colcon.meta'], base_paths=['.'], packages_ignore=None, packages_ignore_regex=None, paths=None, packages_up_to=None, packages_up_to_regex=None, packages_above=None, packages_above_and_dependencies=None, packages_above_depth=None, packages_select_by_dep=None, packages_skip_by_dep=None, packages_skip_up_to=None, packages_select_build_failed=False, packages_skip_build_finished=False, packages_select_test_failures=False, packages_skip_test_passed=False, packages_select=None, packages_skip=None, packages_select_regex=None, packages_skip_regex=None, packages_start=None, packages_end=None, cmake_args=None, cmake_target=None, cmake_target_skip_unavailable=False, cmake_clean_cache=False, cmake_clean_first=False, cmake_force_configure=False, ament_cmake_args=None, catkin_cmake_args=None, catkin_skip_building_tests=False, mixin_files=None, mixin=None, verb_parser=<colcon_mixin.mixin.mixin_argument.MixinArgumentDecorator object at 0x79e703df1d90>, verb_extension=<colcon_core.verb.build.BuildVerb object at 0x79e703f0e330>, main=<bound method BuildVerb.main of <colcon_core.verb.build.BuildVerb object at 0x79e703f0e330>>, mixin_verb=('build',))
[0.207s] Level 1:colcon.colcon_core.package_discovery:discover_packages(colcon_meta) check parameters
[0.207s] INFO:colcon.colcon_metadata.package_discovery.colcon_meta:Using configuration from '/root/.colcon/metadata/default/Gazebo.meta'
[0.208s] INFO:colcon.colcon_metadata.package_discovery.colcon_meta:Using configuration from '/root/.colcon/metadata/default/fastdds.meta'
[0.208s] INFO:colcon.colcon_metadata.package_discovery.colcon_meta:Using configuration from '/root/.colcon/metadata/default/fastrtps.meta'
[0.209s] Level 1:colcon.colcon_core.package_discovery:discover_packages(recursive) check parameters
[0.209s] Level 1:colcon.colcon_core.package_discovery:discover_packages(ignore) check parameters
[0.209s] Level 1:colcon.colcon_core.package_discovery:discover_packages(path) check parameters
[0.209s] Level 1:colcon.colcon_core.package_discovery:discover_packages(colcon_meta) discover
[0.209s] Level 1:colcon.colcon_core.package_discovery:discover_packages(recursive) discover
[0.209s] INFO:colcon.colcon_core.package_discovery:Crawling recursively for packages in '/root/ros2_ws/src'
[0.209s] Level 1:colcon.colcon_core.package_identification:_identify(.) by extensions ['ignore', 'ignore_ament_install']
[0.209s] Level 1:colcon.colcon_core.package_identification:_identify(.) by extension 'ignore'
[0.209s] Level 1:colcon.colcon_core.package_identification:_identify(.) by extension 'ignore_ament_install'
[0.209s] Level 1:colcon.colcon_core.package_identification:_identify(.) by extensions ['colcon_pkg']
[0.209s] Level 1:colcon.colcon_core.package_identification:_identify(.) by extension 'colcon_pkg'
[0.209s] Level 1:colcon.colcon_core.package_identification:_identify(.) by extensions ['colcon_meta']
[0.209s] Level 1:colcon.colcon_core.package_identification:_identify(.) by extension 'colcon_meta'
[0.209s] Level 1:colcon.colcon_core.package_identification:_identify(.) by extensions ['ros']
[0.209s] Level 1:colcon.colcon_core.package_identification:_identify(.) by extension 'ros'
[0.260s] Level 1:colcon.colcon_core.package_identification:_identify(.) by extensions ['cmake', 'python']
[0.260s] Level 1:colcon.colcon_core.package_identification:_identify(.) by extension 'cmake'
[0.260s] Level 1:colcon.colcon_core.package_identification:_identify(.) by extension 'python'
[0.260s] Level 1:colcon.colcon_core.package_identification:_identify(.) by extensions ['python_setup_py']
[0.260s] Level 1:colcon.colcon_core.package_identification:_identify(.) by extension 'python_setup_py'
[0.260s] Level 1:colcon.colcon_core.package_identification:_identify(assignment1_rt) by extensions ['ignore', 'ignore_ament_install']
[0.261s] Level 1:colcon.colcon_core.package_identification:_identify(assignment1_rt) by extension 'ignore'
[0.261s] Level 1:colcon.colcon_core.package_identification:_identify(assignment1_rt) by extension 'ignore_ament_install'
[0.261s] Level 1:colcon.colcon_core.package_identification:_identify(assignment1_rt) by extensions ['colcon_pkg']
[0.261s] Level 1:colcon.colcon_core.package_identification:_identify(assignment1_rt) by extension 'colcon_pkg'
[0.261s] Level 1:colcon.colcon_core.package_identification:_identify(assignment1_rt) by extensions ['colcon_meta']
[0.261s] Level 1:colcon.colcon_core.package_identification:_identify(assignment1_rt) by extension 'colcon_meta'
[0.261s] Level 1:colcon.colcon_core.package_identification:_identify(assignment1_rt) by extensions ['ros']
[0.261s] Level 1:colcon.colcon_core.package_identification:_identify(assignment1_rt) by extension 'ros'
[0.264s] DEBUG:colcon.colcon_core.package_identification:Package 'assignment1_rt' with type 'ros.ament_cmake' and name 'assignment1_rt'
[0.265s] Level 1:colcon.colcon_core.package_identification:_identify(build) by extensions ['ignore', 'ignore_ament_install']
[0.265s] Level 1:colcon.colcon_core.package_identification:_identify(build) by extension 'ignore'
[0.265s] Level 1:colcon.colcon_core.package_identification:_identify(build) ignored
[0.265s] Level 1:colcon.colcon_core.package_identification:_identify(first_package_cpp) by extensions ['ignore', 'ignore_ament_install']
[0.265s] Level 1:colcon.colcon_core.package_identification:_identify(first_package_cpp) by extension 'ignore'
[0.266s] Level 1:colcon.colcon_core.package_identification:_identify(first_package_cpp) by extension 'ignore_ament_install'
[0.266s] Level 1:colcon.colcon_core.package_identification:_identify(first_package_cpp) by extensions ['colcon_pkg']
[0.266s] Level 1:colcon.colcon_core.package_identification:_identify(first_package_cpp) by extension 'colcon_pkg'
[0.266s] Level 1:colcon.colcon_core.package_identification:_identify(first_package_cpp) by extensions ['colcon_meta']
[0.266s] Level 1:colcon.colcon_core.package_identification:_identify(first_package_cpp) by extension 'colcon_meta'
[0.266s] Level 1:colcon.colcon_core.package_identification:_identify(first_package_cpp) by extensions ['ros']
[0.266s] Level 1:colcon.colcon_core.package_identification:_identify(first_package_cpp) by extension 'ros'
[0.267s] DEBUG:colcon.colcon_core.package_identification:Package 'first_package_cpp' with type 'ros.ament_cmake' and name 'first_package_cpp'
[0.267s] Level 1:colcon.colcon_core.package_identification:_identify(install) by extensions ['ignore', 'ignore_ament_install']
[0.267s] Level 1:colcon.colcon_core.package_identification:_identify(install) by extension 'ignore'
[0.267s] Level 1:colcon.colcon_core.package_identification:_identify(install) ignored
[0.267s] Level 1:colcon.colcon_core.package_identification:_identify(log) by extensions ['ignore', 'ignore_ament_install']
[0.267s] Level 1:colcon.colcon_core.package_identification:_identify(log) by extension 'ignore'
[0.267s] Level 1:colcon.colcon_core.package_identification:_identify(log) ignored
[0.267s] Level 1:colcon.colcon_core.package_discovery:discover_packages(recursive) using defaults
[0.267s] Level 1:colcon.colcon_core.package_discovery:discover_packages(ignore) discover
[0.267s] Level 1:colcon.colcon_core.package_discovery:discover_packages(ignore) using defaults
[0.267s] Level 1:colcon.colcon_core.package_discovery:discover_packages(path) discover
[0.267s] Level 1:colcon.colcon_core.package_discovery:discover_packages(path) using defaults
[0.297s] Level 5:colcon.colcon_core.verb:set package 'assignment1_rt' build argument 'cmake_args' from command line to 'None'
[0.297s] Level 5:colcon.colcon_core.verb:set package 'assignment1_rt' build argument 'cmake_target' from command line to 'None'
[0.297s] Level 5:colcon.colcon_core.verb:set package 'assignment1_rt' build argument 'cmake_target_skip_unavailable' from command line to 'False'
[0.297s] Level 5:colcon.colcon_core.verb:set package 'assignment1_rt' build argument 'cmake_clean_cache' from command line to 'False'
[0.297s] Level 5:colcon.colcon_core.verb:set package 'assignment1_rt' build argument 'cmake_clean_first' from command line to 'False'
[0.297s] Level 5:colcon.colcon_core.verb:set package 'assignment1_rt' build argument 'cmake_force_configure' from command line to 'False'
[0.297s] Level 5:colcon.colcon_core.verb:set package 'assignment1_rt' build argument 'ament_cmake_args' from command line to 'None'
[0.297s] Level 5:colcon.colcon_core.verb:set package 'assignment1_rt' build argument 'catkin_cmake_args' from command line to 'None'
[0.297s] Level 5:colcon.colcon_core.verb:set package 'assignment1_rt' build argument 'catkin_skip_building_tests' from command line to 'False'
[0.297s] DEBUG:colcon.colcon_core.verb:Building package 'assignment1_rt' with the following arguments: {'ament_cmake_args': None, 'build_base': '/root/ros2_ws/src/build/assignment1_rt', 'catkin_cmake_args': None, 'catkin_skip_building_tests': False, 'cmake_args': None, 'cmake_clean_cache': False, 'cmake_clean_first': False, 'cmake_force_configure': False, 'cmake_target': None, 'cmake_target_skip_unavailable': False, 'install_base': '/root/ros2_ws/src/install/assignment1_rt', 'merge_install': False, 'path': '/root/ros2_ws/src/assignment1_rt', 'symlink_install': False, 'test_result_base': None}
[0.298s] Level 5:colcon.colcon_core.verb:set package 'first_package_cpp' build argument 'cmake_args' from command line to 'None'
[0.298s] Level 5:colcon.colcon_core.verb:set package 'first_package_cpp' build argument 'cmake_target' from command line to 'None'
[0.298s] Level 5:colcon.colcon_core.verb:set package 'first_package_cpp' build argument 'cmake_target_skip_unavailable' from command line to 'False'
[0.298s] Level 5:colcon.colcon_core.verb:set package 'first_package_cpp' build argument 'cmake_clean_cache' from command line to 'False'
[0.298s] Level 5:colcon.colcon_core.verb:set package 'first_package_cpp' build argument 'cmake_clean_first' from command line to 'False'
[0.298s] Level 5:colcon.colcon_core.verb:set package 'first_package_cpp' build argument 'cmake_force_configure' from command line to 'False'
[0.298s] Level 5:colcon.colcon_core.verb:set package 'first_package_cpp' build argument 'ament_cmake_args' from command line to 'None'
[0.298s] Level 5:colcon.colcon_core.verb:set package 'first_package_cpp' build argument 'catkin_cmake_args' from command line to 'None'
[0.298s] Level 5:colcon.colcon_core.verb:set package 'first_package_cpp' build argument 'catkin_skip_building_tests' from command line to 'False'
[0.298s] DEBUG:colcon.colcon_core.verb:Building package 'first_package_cpp' with the following arguments: {'ament_cmake_args': None, 'build_base': '/root/ros2_ws/src/build/first_package_cpp', 'catkin_cmake_args': None, 'catkin_skip_building_tests': False, 'cmake_args': None, 'cmake_clean_cache': False, 'cmake_clean_first': False, 'cmake_force_configure': False, 'cmake_target': None, 'cmake_target_skip_unavailable': False, 'install_base': '/root/ros2_ws/src/install/first_package_cpp', 'merge_install': False, 'path': '/root/ros2_ws/src/first_package_cpp', 'symlink_install': False, 'test_result_base': None}
[0.298s] INFO:colcon.colcon_core.executor:Executing jobs using 'parallel' executor
[0.300s] DEBUG:colcon.colcon_parallel_executor.executor.parallel:run_until_complete
[0.300s] INFO:colcon.colcon_ros.task.ament_cmake.build:Building ROS package in '/root/ros2_ws/src/assignment1_rt' with build type 'ament_cmake'
[0.301s] INFO:colcon.colcon_cmake.task.cmake.build:Building CMake package in '/root/ros2_ws/src/assignment1_rt'
[0.304s] INFO:colcon.colcon_core.plugin_system:Skipping extension 'colcon_core.shell.bat': Not used on non-Windows systems
[0.304s] INFO:colcon.colcon_core.shell:Skip shell extension 'powershell' for command environment: Not usable outside of PowerShell
[0.305s] DEBUG:colcon.colcon_core.shell:Skip shell extension 'dsv' for command environment
[0.315s] INFO:colcon.colcon_ros.task.ament_cmake.build:Building ROS package in '/root/ros2_ws/src/first_package_cpp' with build type 'ament_cmake'
[0.315s] INFO:colcon.colcon_cmake.task.cmake.build:Building CMake package in '/root/ros2_ws/src/first_package_cpp'
[0.315s] INFO:colcon.colcon_core.shell:Skip shell extension 'powershell' for command environment: Not usable outside of PowerShell
[0.316s] DEBUG:colcon.colcon_core.shell:Skip shell extension 'dsv' for command environment
[0.333s] DEBUG:colcon.colcon_core.event_handler.log_command:Invoking command in '/root/ros2_ws/src/build/assignment1_rt': CMAKE_PREFIX_PATH=${CMAKE_PREFIX_PATH}:/opt/ros/jazzy /usr/bin/cmake --build /root/ros2_ws/src/build/assignment1_rt -- -j16 -l16
[0.341s] DEBUG:colcon.colcon_core.event_handler.log_command:Invoking command in '/root/ros2_ws/src/build/first_package_cpp': CMAKE_PREFIX_PATH=${CMAKE_PREFIX_PATH}:/opt/ros/jazzy /usr/bin/cmake --build /root/ros2_ws/src/build/first_package_cpp -- -j16 -l16
[0.512s] DEBUG:colcon.colcon_core.event_handler.log_command:Invoked command in '/root/ros2_ws/src/build/first_package_cpp' returned '0': CMAKE_PREFIX_PATH=${CMAKE_PREFIX_PATH}:/opt/ros/jazzy /usr/bin/cmake --build /root/ros2_ws/src/build/first_package_cpp -- -j16 -l16
[0.533s] DEBUG:colcon.colcon_core.event_handler.log_command:Invoking command in '/root/ros2_ws/src/build/first_package_cpp': CMAKE_PREFIX_PATH=${CMAKE_PREFIX_PATH}:/opt/ros/jazzy /usr/bin/cmake --install /root/ros2_ws/src/build/first_package_cpp
[0.591s] Level 1:colcon.colcon_core.environment:create_environment_scripts_only(first_package_cpp)
[0.593s] DEBUG:colcon.colcon_core.event_handler.log_command:Invoked command in '/root/ros2_ws/src/build/first_package_cpp' returned '0': CMAKE_PREFIX_PATH=${CMAKE_PREFIX_PATH}:/opt/ros/jazzy /usr/bin/cmake --install /root/ros2_ws/src/build/first_package_cpp
[0.599s] Level 1:colcon.colcon_core.environment:checking '/root/ros2_ws/src/install/first_package_cpp' for CMake module files
[0.600s] Level 1:colcon.colcon_core.environment:checking '/root/ros2_ws/src/install/first_package_cpp' for CMake config files
[0.600s] Level 1:colcon.colcon_core.shell:create_environment_hook('first_package_cpp', 'cmake_prefix_path')
[0.601s] INFO:colcon.colcon_core.shell:Creating environment hook '/root/ros2_ws/src/install/first_package_cpp/share/first_package_cpp/hook/cmake_prefix_path.ps1'
[0.602s] INFO:colcon.colcon_core.shell:Creating environment descriptor '/root/ros2_ws/src/install/first_package_cpp/share/first_package_cpp/hook/cmake_prefix_path.dsv'
[0.603s] INFO:colcon.colcon_core.shell:Creating environment hook '/root/ros2_ws/src/install/first_package_cpp/share/first_package_cpp/hook/cmake_prefix_path.sh'
[0.604s] Level 1:colcon.colcon_core.environment:checking '/root/ros2_ws/src/install/first_package_cpp/lib'
[0.604s] Level 1:colcon.colcon_core.environment:checking '/root/ros2_ws/src/install/first_package_cpp/bin'
[0.604s] Level 1:colcon.colcon_core.environment:checking '/root/ros2_ws/src/install/first_package_cpp/lib/pkgconfig/first_package_cpp.pc'
[0.607s] Level 1:colcon.colcon_core.environment:checking '/root/ros2_ws/src/install/first_package_cpp/lib/python3.12/site-packages'
[0.607s] Level 1:colcon.colcon_core.environment:checking '/root/ros2_ws/src/install/first_package_cpp/bin'
[0.608s] INFO:colcon.colcon_core.shell:Creating package script '/root/ros2_ws/src/install/first_package_cpp/share/first_package_cpp/package.ps1'
[0.610s] INFO:colcon.colcon_core.shell:Creating package descriptor '/root/ros2_ws/src/install/first_package_cpp/share/first_package_cpp/package.dsv'
[0.611s] INFO:colcon.colcon_core.shell:Creating package script '/root/ros2_ws/src/install/first_package_cpp/share/first_package_cpp/package.sh'
[0.612s] INFO:colcon.colcon_core.shell:Creating package script '/root/ros2_ws/src/install/first_package_cpp/share/first_package_cpp/package.bash'
[0.617s] INFO:colcon.colcon_core.shell:Creating package script '/root/ros2_ws/src/install/first_package_cpp/share/first_package_cpp/package.zsh'
[0.619s] Level 1:colcon.colcon_core.environment:create_file_with_runtime_dependencies(/root/ros2_ws/src/install/first_package_cpp/share/colcon-core/packages/first_package_cpp)
[0.620s] Level 1:colcon.colcon_core.environment:create_environment_scripts_only(first_package_cpp)
[0.620s] Level 1:colcon.colcon_core.environment:checking '/root/ros2_ws/src/install/first_package_cpp' for CMake module files
[0.621s] Level 1:colcon.colcon_core.environment:checking '/root/ros2_ws/src/install/first_package_cpp' for CMake config files
[0.622s] Level 1:colcon.colcon_core.shell:create_environment_hook('first_package_cpp', 'cmake_prefix_path')
[0.622s] INFO:colcon.colcon_core.shell:Creating environment hook '/root/ros2_ws/src/install/first_package_cpp/share/first_package_cpp/hook/cmake_prefix_path.ps1'
[0.623s] INFO:colcon.colcon_core.shell:Creating environment descriptor '/root/ros2_ws/src/install/first_package_cpp/share/first_package_cpp/hook/cmake_prefix_path.dsv'
[0.623s] INFO:colcon.colcon_core.shell:Creating environment hook '/root/ros2_ws/src/install/first_package_cpp/share/first_package_cpp/hook/cmake_prefix_path.sh'
[0.624s] Level 1:colcon.colcon_core.environment:checking '/root/ros2_ws/src/install/first_package_cpp/lib'
[0.625s] Level 1:colcon.colcon_core.environment:checking '/root/ros2_ws/src/install/first_package_cpp/bin'
[0.625s] Level 1:colcon.colcon_core.environment:checking '/root/ros2_ws/src/install/first_package_cpp/lib/pkgconfig/first_package_cpp.pc'
[0.625s] Level 1:colcon.colcon_core.environment:checking '/root/ros2_ws/src/install/first_package_cpp/lib/python3.12/site-packages'
[0.625s] Level 1:colcon.colcon_core.environment:checking '/root/ros2_ws/src/install/first_package_cpp/bin'
[0.626s] INFO:colcon.colcon_core.shell:Creating package script '/root/ros2_ws/src/install/first_package_cpp/share/first_package_cpp/package.ps1'
[0.626s] INFO:colcon.colcon_core.shell:Creating package descriptor '/root/ros2_ws/src/install/first_package_cpp/share/first_package_cpp/package.dsv'
[0.627s] INFO:colcon.colcon_core.shell:Creating package script '/root/ros2_ws/src/install/first_package_cpp/share/first_package_cpp/package.sh'
[0.628s] INFO:colcon.colcon_core.shell:Creating package script '/root/ros2_ws/src/install/first_package_cpp/share/first_package_cpp/package.bash'
[0.628s] INFO:colcon.colcon_core.shell:Creating package script '/root/ros2_ws/src/install/first_package_cpp/share/first_package_cpp/package.zsh'
[0.628s] Level 1:colcon.colcon_core.environment:create_file_with_runtime_dependencies(/root/ros2_ws/src/install/first_package_cpp/share/colcon-core/packages/first_package_cpp)
[14.988s] DEBUG:colcon.colcon_core.event_handler.log_command:Invoked command in '/root/ros2_ws/src/build/assignment1_rt' returned '0': CMAKE_PREFIX_PATH=${CMAKE_PREFIX_PATH}:/opt/ros/jazzy /usr/bin/cmake --build /root/ros2_ws/src/build/assignment1_rt -- -j16 -l16
[14.990s] DEBUG:colcon.colcon_core.event_handler.log_command:Invoking command in '/root/ros2_ws/src/build/assignment1_rt': CMAKE_PREFIX_PATH=${CMAKE_PREFIX_PATH}:/opt/ros/jazzy /usr/bin/cmake --install /root/ros2_ws/src/build/assignment1_rt
[15.029s] Level 1:colcon.colcon_core.environment:create_environment_scripts_only(assignment1_rt)
[15.029s] Level 1:colcon.colcon_core.environment:checking '/root/ros2_ws/src/install/assignment1_rt' for CMake module files
[15.030s] DEBUG:colcon.colcon_core.event_handler.log_command:Invoked command in '/root/ros2_ws/src/build/assignment1_rt' returned '0': CMAKE_PREFIX_PATH=${CMAKE_PREFIX_PATH}:/opt/ros/jazzy /usr/bin/cmake --install /root/ros2_ws/src/build/assignment1_rt
[15.030s] Level 1:colcon.colcon_core.environment:checking '/root/ros2_ws/src/install/assignment1_rt' for CMake config files
[15.031s] Level 1:colcon.colcon_core.shell:create_environment_hook('assignment1_rt', 'cmake_prefix_path')
[15.031s] INFO:colcon.colcon_core.shell:Creating environment hook '/root/ros2_ws/src/install/assignment1_rt/share/assignment1_rt/hook/cmake_prefix_path.ps1'
[15.032s] INFO:colcon.colcon_core.shell:Creating environment descriptor '/root/ros2_ws/src/install/assignment1_rt/share/assignment1_rt/hook/cmake_prefix_path.dsv'
[15.032s] INFO:colcon.colcon_core.shell:Creating environment hook '/root/ros2_ws/src/install/assignment1_rt/share/assignment1_rt/hook/cmake_prefix_path.sh'
[15.033s] Level 1:colcon.colcon_core.environment:checking '/root/ros2_ws/src/install/assignment1_rt/lib'
[15.033s] Level 1:colcon.colcon_core.environment:checking '/root/ros2_ws/src/install/assignment1_rt/bin'
[15.033s] Level 1:colcon.colcon_core.environment:checking '/root/ros2_ws/src/install/assignment1_rt/lib/pkgconfig/assignment1_rt.pc'
[15.034s] Level 1:colcon.colcon_core.environment:checking '/root/ros2_ws/src/install/assignment1_rt/lib/python3.12/site-packages'
[15.034s] Level 1:colcon.colcon_core.environment:checking '/root/ros2_ws/src/install/assignment1_rt/bin'
[15.034s] INFO:colcon.colcon_core.shell:Creating package script '/root/ros2_ws/src/install/assignment1_rt/share/assignment1_rt/package.ps1'
[15.035s] INFO:colcon.colcon_core.shell:Creating package descriptor '/root/ros2_ws/src/install/assignment1_rt/share/assignment1_rt/package.dsv'
[15.036s] INFO:colcon.colcon_core.shell:Creating package script '/root/ros2_ws/src/install/assignment1_rt/share/assignment1_rt/package.sh'
[15.037s] INFO:colcon.colcon_core.shell:Creating package script '/root/ros2_ws/src/install/assignment1_rt/share/assignment1_rt/package.bash'
[15.037s] INFO:colcon.colcon_core.shell:Creating package script '/root/ros2_ws/src/install/assignment1_rt/share/assignment1_rt/package.zsh'
[15.038s] Level 1:colcon.colcon_core.environment:create_file_with_runtime_dependencies(/root/ros2_ws/src/install/assignment1_rt/share/colcon-core/packages/assignment1_rt)
[15.038s] Level 1:colcon.colcon_core.environment:create_environment_scripts_only(assignment1_rt)
[15.038s] Level 1:colcon.colcon_core.environment:checking '/root/ros2_ws/src/install/assignment1_rt' for CMake module files
[15.039s] Level 1:colcon.colcon_core.environment:checking '/root/ros2_ws/src/install/assignment1_rt' for CMake config files
[15.039s] Level 1:colcon.colcon_core.shell:create_environment_hook('assignment1_rt', 'cmake_prefix_path')
[15.039s] INFO:colcon.colcon_core.shell:Creating environment hook '/root/ros2_ws/src/install/assignment1_rt/share/assignment1_rt/hook/cmake_prefix_path.ps1'
[15.040s] INFO:colcon.colcon_core.shell:Creating environment descriptor '/root/ros2_ws/src/install/assignment1_rt/share/assignment1_rt/hook/cmake_prefix_path.dsv'
[15.040s] INFO:colcon.colcon_core.shell:Creating environment hook '/root/ros2_ws/src/install/assignment1_rt/share/assignment1_rt/hook/cmake_prefix_path.sh'
[15.041s] Level 1:colcon.colcon_core.environment:checking '/root/ros2_ws/src/install/assignment1_rt/lib'
[15.041s] Level 1:colcon.colcon_core.environment:checking '/root/ros2_ws/src/install/assignment1_rt/bin'
[15.042s] Level 1:colcon.colcon_core.environment:checking '/root/ros2_ws/src/install/assignment1_rt/lib/pkgconfig/assignment1_rt.pc'
[15.042s] Level 1:colcon.colcon_core.environment:checking '/root/ros2_ws/src/install/assignment1_rt/lib/python3.12/site-packages'
[15.042s] Level 1:colcon.colcon_core.environment:checking '/root/ros2_ws/src/install/assignment1_rt/bin'
[15.043s] INFO:colcon.colcon_core.shell:Creating package script '/root/ros2_ws/src/install/assignment1_rt/share/assignment1_rt/package.ps1'
[15.043s] INFO:colcon.colcon_core.shell:Creating package descriptor '/root/ros2_ws/src/install/assignment1_rt/share/assignment1_rt/package.dsv'
[15.044s] INFO:colcon.colcon_core.shell:Creating package script '/root/ros2_ws/src/install/assignment1_rt/share/assignment1_rt/package.sh'
[15.044s] INFO:colcon.colcon_core.shell:Creating package script '/root/ros2_ws/src/install/assignment1_rt/share/assignment1_rt/package.bash'
[15.045s] INFO:colcon.colcon_core.shell:Creating package script '/root/ros2_ws/src/install/assignment1_rt/share/assignment1_rt/package.zsh'
[15.046s] Level 1:colcon.colcon_core.environment:create_file_with_runtime_dependencies(/root/ros2_ws/src/install/assignment1_rt/share/colcon-core/packages/assignment1_rt)
[15.046s] DEBUG:colcon.colcon_parallel_executor.executor.parallel:closing loop
[15.047s] DEBUG:colcon.colcon_parallel_executor.executor.parallel:loop closed
[15.047s] DEBUG:colcon.colcon_parallel_executor.executor.parallel:run_until_complete finished with '0'
[15.047s] DEBUG:colcon.colcon_core.event_reactor:joining thread
[15.065s] INFO:colcon.colcon_core.plugin_system:Skipping extension 'colcon_notification.desktop_notification.notify_send': Could not find 'notify-send'
[15.065s] INFO:colcon.colcon_core.plugin_system:Skipping extension 'colcon_notification.desktop_notification.terminal_notifier': Not used on non-Darwin systems
[15.065s] INFO:colcon.colcon_core.plugin_system:Skipping extension 'colcon_notification.desktop_notification.win32': Not used on non-Windows systems
[15.065s] INFO:colcon.colcon_notification.desktop_notification:Sending desktop notification using 'notify2'
[15.073s] DEBUG:colcon.colcon_notification.desktop_notification.notify2:Failed to initialize notify2: org.freedesktop.DBus.Error.Spawn.ExecFailed: /usr/bin/dbus-launch terminated abnormally without any error message
[15.074s] DEBUG:colcon.colcon_core.event_reactor:joined thread
[15.074s] INFO:colcon.colcon_core.shell:Creating prefix script '/root/ros2_ws/src/install/local_setup.ps1'
[15.076s] INFO:colcon.colcon_core.shell:Creating prefix util module '/root/ros2_ws/src/install/_local_setup_util_ps1.py'
[15.078s] INFO:colcon.colcon_core.shell:Creating prefix chain script '/root/ros2_ws/src/install/setup.ps1'
[15.080s] INFO:colcon.colcon_core.shell:Creating prefix script '/root/ros2_ws/src/install/local_setup.sh'
[15.080s] INFO:colcon.colcon_core.shell:Creating prefix util module '/root/ros2_ws/src/install/_local_setup_util_sh.py'
[15.081s] INFO:colcon.colcon_core.shell:Creating prefix chain script '/root/ros2_ws/src/install/setup.sh'
[15.083s] INFO:colcon.colcon_core.shell:Creating prefix script '/root/ros2_ws/src/install/local_setup.bash'
[15.084s] INFO:colcon.colcon_core.shell:Creating prefix chain script '/root/ros2_ws/src/install/setup.bash'
[15.085s] INFO:colcon.colcon_core.shell:Creating prefix script '/root/ros2_ws/src/install/local_setup.zsh'
[15.086s] INFO:colcon.colcon_core.shell:Creating prefix chain script '/root/ros2_ws/src/install/setup.zsh'
