[0.104s] DEBUG:colcon:Command line arguments: ['/usr/bin/colcon', 'build']
[0.104s] DEBUG:colcon:Parsed command line arguments: Namespace(log_base=None, log_level=None, verb_name='build', build_base='build', install_base='install', merge_install=False, symlink_install=False, test_result_base=None, continue_on_error=False, executor='parallel', parallel_workers=16, event_handlers=None, ignore_user_meta=False, metas=['./colcon.meta'], base_paths=['.'], packages_ignore=None, packages_ignore_regex=None, paths=None, packages_up_to=None, packages_up_to_regex=None, packages_above=None, packages_above_and_dependencies=None, packages_above_depth=None, packages_select_by_dep=None, packages_skip_by_dep=None, packages_skip_up_to=None, packages_select_build_failed=False, packages_skip_build_finished=False, packages_select_test_failures=False, packages_skip_test_passed=False, packages_select=None, packages_skip=None, packages_select_regex=None, packages_skip_regex=None, packages_start=None, packages_end=None, cmake_args=None, cmake_target=None, cmake_target_skip_unavailable=False, cmake_clean_cache=False, cmake_clean_first=False, cmake_force_configure=False, ament_cmake_args=None, catkin_cmake_args=None, catkin_skip_building_tests=False, mixin_files=None, mixin=None, verb_parser=<colcon_mixin.mixin.mixin_argument.MixinArgumentDecorator object at 0x7cb05248dd00>, verb_extension=<colcon_core.verb.build.BuildVerb object at 0x7cb0525dd970>, main=<bound method BuildVerb.main of <colcon_core.verb.build.BuildVerb object at 0x7cb0525dd970>>, mixin_verb=('build',))
[0.143s] Level 1:colcon.colcon_core.package_discovery:discover_packages(colcon_meta) check parameters
[0.144s] INFO:colcon.colcon_metadata.package_discovery.colcon_meta:Using configuration from '/root/.colcon/metadata/default/Gazebo.meta'
[0.144s] INFO:colcon.colcon_metadata.package_discovery.colcon_meta:Using configuration from '/root/.colcon/metadata/default/fastdds.meta'
[0.145s] INFO:colcon.colcon_metadata.package_discovery.colcon_meta:Using configuration from '/root/.colcon/metadata/default/fastrtps.meta'
[0.145s] Level 1:colcon.colcon_core.package_discovery:discover_packages(recursive) check parameters
[0.145s] Level 1:colcon.colcon_core.package_discovery:discover_packages(ignore) check parameters
[0.145s] Level 1:colcon.colcon_core.package_discovery:discover_packages(path) check parameters
[0.145s] Level 1:colcon.colcon_core.package_discovery:discover_packages(colcon_meta) discover
[0.145s] Level 1:colcon.colcon_core.package_discovery:discover_packages(recursive) discover
[0.145s] INFO:colcon.colcon_core.package_discovery:Crawling recursively for packages in '/root/ros2_ws/src'
[0.145s] Level 1:colcon.colcon_core.package_identification:_identify(.) by extensions ['ignore', 'ignore_ament_install']
[0.146s] Level 1:colcon.colcon_core.package_identification:_identify(.) by extension 'ignore'
[0.146s] Level 1:colcon.colcon_core.package_identification:_identify(.) by extension 'ignore_ament_install'
[0.146s] Level 1:colcon.colcon_core.package_identification:_identify(.) by extensions ['colcon_pkg']
[0.146s] Level 1:colcon.colcon_core.package_identification:_identify(.) by extension 'colcon_pkg'
[0.146s] Level 1:colcon.colcon_core.package_identification:_identify(.) by extensions ['colcon_meta']
[0.146s] Level 1:colcon.colcon_core.package_identification:_identify(.) by extension 'colcon_meta'
[0.146s] Level 1:colcon.colcon_core.package_identification:_identify(.) by extensions ['ros']
[0.146s] Level 1:colcon.colcon_core.package_identification:_identify(.) by extension 'ros'
[0.171s] Level 1:colcon.colcon_core.package_identification:_identify(.) by extensions ['cmake', 'python']
[0.171s] Level 1:colcon.colcon_core.package_identification:_identify(.) by extension 'cmake'
[0.171s] Level 1:colcon.colcon_core.package_identification:_identify(.) by extension 'python'
[0.171s] Level 1:colcon.colcon_core.package_identification:_identify(.) by extensions ['python_setup_py']
[0.171s] Level 1:colcon.colcon_core.package_identification:_identify(.) by extension 'python_setup_py'
[0.171s] Level 1:colcon.colcon_core.package_identification:_identify(assignment1_rt) by extensions ['ignore', 'ignore_ament_install']
[0.171s] Level 1:colcon.colcon_core.package_identification:_identify(assignment1_rt) by extension 'ignore'
[0.171s] Level 1:colcon.colcon_core.package_identification:_identify(assignment1_rt) by extension 'ignore_ament_install'
[0.171s] Level 1:colcon.colcon_core.package_identification:_identify(assignment1_rt) by extensions ['colcon_pkg']
[0.171s] Level 1:colcon.colcon_core.package_identification:_identify(assignment1_rt) by extension 'colcon_pkg'
[0.171s] Level 1:colcon.colcon_core.package_identification:_identify(assignment1_rt) by extensions ['colcon_meta']
[0.172s] Level 1:colcon.colcon_core.package_identification:_identify(assignment1_rt) by extension 'colcon_meta'
[0.172s] Level 1:colcon.colcon_core.package_identification:_identify(assignment1_rt) by extensions ['ros']
[0.172s] Level 1:colcon.colcon_core.package_identification:_identify(assignment1_rt) by extension 'ros'
[0.174s] DEBUG:colcon.colcon_core.package_identification:Package 'assignment1_rt' with type 'ros.ament_cmake' and name 'assignment1_rt'
[0.174s] Level 1:colcon.colcon_core.package_identification:_identify(assignment_2) by extensions ['ignore', 'ignore_ament_install']
[0.174s] Level 1:colcon.colcon_core.package_identification:_identify(assignment_2) by extension 'ignore'
[0.175s] Level 1:colcon.colcon_core.package_identification:_identify(assignment_2) by extension 'ignore_ament_install'
[0.175s] Level 1:colcon.colcon_core.package_identification:_identify(assignment_2) by extensions ['colcon_pkg']
[0.175s] Level 1:colcon.colcon_core.package_identification:_identify(assignment_2) by extension 'colcon_pkg'
[0.175s] Level 1:colcon.colcon_core.package_identification:_identify(assignment_2) by extensions ['colcon_meta']
[0.175s] Level 1:colcon.colcon_core.package_identification:_identify(assignment_2) by extension 'colcon_meta'
[0.175s] Level 1:colcon.colcon_core.package_identification:_identify(assignment_2) by extensions ['ros']
[0.175s] Level 1:colcon.colcon_core.package_identification:_identify(assignment_2) by extension 'ros'
[0.175s] DEBUG:colcon.colcon_core.package_identification:Package 'assignment_2' with type 'ros.ament_cmake' and name 'assignment_2'
[0.176s] Level 1:colcon.colcon_core.package_identification:_identify(build) by extensions ['ignore', 'ignore_ament_install']
[0.176s] Level 1:colcon.colcon_core.package_identification:_identify(build) by extension 'ignore'
[0.176s] Level 1:colcon.colcon_core.package_identification:_identify(build) ignored
[0.176s] Level 1:colcon.colcon_core.package_identification:_identify(first_package_cpp) by extensions ['ignore', 'ignore_ament_install']
[0.176s] Level 1:colcon.colcon_core.package_identification:_identify(first_package_cpp) by extension 'ignore'
[0.176s] Level 1:colcon.colcon_core.package_identification:_identify(first_package_cpp) by extension 'ignore_ament_install'
[0.176s] Level 1:colcon.colcon_core.package_identification:_identify(first_package_cpp) by extensions ['colcon_pkg']
[0.176s] Level 1:colcon.colcon_core.package_identification:_identify(first_package_cpp) by extension 'colcon_pkg'
[0.176s] Level 1:colcon.colcon_core.package_identification:_identify(first_package_cpp) by extensions ['colcon_meta']
[0.176s] Level 1:colcon.colcon_core.package_identification:_identify(first_package_cpp) by extension 'colcon_meta'
[0.176s] Level 1:colcon.colcon_core.package_identification:_identify(first_package_cpp) by extensions ['ros']
[0.176s] Level 1:colcon.colcon_core.package_identification:_identify(first_package_cpp) by extension 'ros'
[0.177s] DEBUG:colcon.colcon_core.package_identification:Package 'first_package_cpp' with type 'ros.ament_cmake' and name 'first_package_cpp'
[0.177s] Level 1:colcon.colcon_core.package_identification:_identify(install) by extensions ['ignore', 'ignore_ament_install']
[0.177s] Level 1:colcon.colcon_core.package_identification:_identify(install) by extension 'ignore'
[0.177s] Level 1:colcon.colcon_core.package_identification:_identify(install) ignored
[0.177s] Level 1:colcon.colcon_core.package_identification:_identify(log) by extensions ['ignore', 'ignore_ament_install']
[0.177s] Level 1:colcon.colcon_core.package_identification:_identify(log) by extension 'ignore'
[0.177s] Level 1:colcon.colcon_core.package_identification:_identify(log) ignored
[0.177s] Level 1:colcon.colcon_core.package_discovery:discover_packages(recursive) using defaults
[0.177s] Level 1:colcon.colcon_core.package_discovery:discover_packages(ignore) discover
[0.177s] Level 1:colcon.colcon_core.package_discovery:discover_packages(ignore) using defaults
[0.177s] Level 1:colcon.colcon_core.package_discovery:discover_packages(path) discover
[0.177s] Level 1:colcon.colcon_core.package_discovery:discover_packages(path) using defaults
[0.196s] Level 5:colcon.colcon_core.verb:set package 'assignment1_rt' build argument 'cmake_args' from command line to 'None'
[0.196s] Level 5:colcon.colcon_core.verb:set package 'assignment1_rt' build argument 'cmake_target' from command line to 'None'
[0.196s] Level 5:colcon.colcon_core.verb:set package 'assignment1_rt' build argument 'cmake_target_skip_unavailable' from command line to 'False'
[0.196s] Level 5:colcon.colcon_core.verb:set package 'assignment1_rt' build argument 'cmake_clean_cache' from command line to 'False'
[0.196s] Level 5:colcon.colcon_core.verb:set package 'assignment1_rt' build argument 'cmake_clean_first' from command line to 'False'
[0.196s] Level 5:colcon.colcon_core.verb:set package 'assignment1_rt' build argument 'cmake_force_configure' from command line to 'False'
[0.196s] Level 5:colcon.colcon_core.verb:set package 'assignment1_rt' build argument 'ament_cmake_args' from command line to 'None'
[0.196s] Level 5:colcon.colcon_core.verb:set package 'assignment1_rt' build argument 'catkin_cmake_args' from command line to 'None'
[0.196s] Level 5:colcon.colcon_core.verb:set package 'assignment1_rt' build argument 'catkin_skip_building_tests' from command line to 'False'
[0.196s] DEBUG:colcon.colcon_core.verb:Building package 'assignment1_rt' with the following arguments: {'ament_cmake_args': None, 'build_base': '/root/ros2_ws/src/build/assignment1_rt', 'catkin_cmake_args': None, 'catkin_skip_building_tests': False, 'cmake_args': None, 'cmake_clean_cache': False, 'cmake_clean_first': False, 'cmake_force_configure': False, 'cmake_target': None, 'cmake_target_skip_unavailable': False, 'install_base': '/root/ros2_ws/src/install/assignment1_rt', 'merge_install': False, 'path': '/root/ros2_ws/src/assignment1_rt', 'symlink_install': False, 'test_result_base': None}
[0.197s] Level 5:colcon.colcon_core.verb:set package 'assignment_2' build argument 'cmake_args' from command line to 'None'
[0.197s] Level 5:colcon.colcon_core.verb:set package 'assignment_2' build argument 'cmake_target' from command line to 'None'
[0.197s] Level 5:colcon.colcon_core.verb:set package 'assignment_2' build argument 'cmake_target_skip_unavailable' from command line to 'False'
[0.197s] Level 5:colcon.colcon_core.verb:set package 'assignment_2' build argument 'cmake_clean_cache' from command line to 'False'
[0.197s] Level 5:colcon.colcon_core.verb:set package 'assignment_2' build argument 'cmake_clean_first' from command line to 'False'
[0.197s] Level 5:colcon.colcon_core.verb:set package 'assignment_2' build argument 'cmake_force_configure' from command line to 'False'
[0.197s] Level 5:colcon.colcon_core.verb:set package 'assignment_2' build argument 'ament_cmake_args' from command line to 'None'
[0.197s] Level 5:colcon.colcon_core.verb:set package 'assignment_2' build argument 'catkin_cmake_args' from command line to 'None'
[0.197s] Level 5:colcon.colcon_core.verb:set package 'assignment_2' build argument 'catkin_skip_building_tests' from command line to 'False'
[0.197s] DEBUG:colcon.colcon_core.verb:Building package 'assignment_2' with the following arguments: {'ament_cmake_args': None, 'build_base': '/root/ros2_ws/src/build/assignment_2', 'catkin_cmake_args': None, 'catkin_skip_building_tests': False, 'cmake_args': None, 'cmake_clean_cache': False, 'cmake_clean_first': False, 'cmake_force_configure': False, 'cmake_target': None, 'cmake_target_skip_unavailable': False, 'install_base': '/root/ros2_ws/src/install/assignment_2', 'merge_install': False, 'path': '/root/ros2_ws/src/assignment_2', 'symlink_install': False, 'test_result_base': None}
[0.197s] Level 5:colcon.colcon_core.verb:set package 'first_package_cpp' build argument 'cmake_args' from command line to 'None'
[0.197s] Level 5:colcon.colcon_core.verb:set package 'first_package_cpp' build argument 'cmake_target' from command line to 'None'
[0.197s] Level 5:colcon.colcon_core.verb:set package 'first_package_cpp' build argument 'cmake_target_skip_unavailable' from command line to 'False'
[0.197s] Level 5:colcon.colcon_core.verb:set package 'first_package_cpp' build argument 'cmake_clean_cache' from command line to 'False'
[0.197s] Level 5:colcon.colcon_core.verb:set package 'first_package_cpp' build argument 'cmake_clean_first' from command line to 'False'
[0.197s] Level 5:colcon.colcon_core.verb:set package 'first_package_cpp' build argument 'cmake_force_configure' from command line to 'False'
[0.197s] Level 5:colcon.colcon_core.verb:set package 'first_package_cpp' build argument 'ament_cmake_args' from command line to 'None'
[0.197s] Level 5:colcon.colcon_core.verb:set package 'first_package_cpp' build argument 'catkin_cmake_args' from command line to 'None'
[0.197s] Level 5:colcon.colcon_core.verb:set package 'first_package_cpp' build argument 'catkin_skip_building_tests' from command line to 'False'
[0.197s] DEBUG:colcon.colcon_core.verb:Building package 'first_package_cpp' with the following arguments: {'ament_cmake_args': None, 'build_base': '/root/ros2_ws/src/build/first_package_cpp', 'catkin_cmake_args': None, 'catkin_skip_building_tests': False, 'cmake_args': None, 'cmake_clean_cache': False, 'cmake_clean_first': False, 'cmake_force_configure': False, 'cmake_target': None, 'cmake_target_skip_unavailable': False, 'install_base': '/root/ros2_ws/src/install/first_package_cpp', 'merge_install': False, 'path': '/root/ros2_ws/src/first_package_cpp', 'symlink_install': False, 'test_result_base': None}
[0.198s] INFO:colcon.colcon_core.executor:Executing jobs using 'parallel' executor
[0.199s] DEBUG:colcon.colcon_parallel_executor.executor.parallel:run_until_complete
[0.199s] INFO:colcon.colcon_ros.task.ament_cmake.build:Building ROS package in '/root/ros2_ws/src/assignment1_rt' with build type 'ament_cmake'
[0.199s] INFO:colcon.colcon_cmake.task.cmake.build:Building CMake package in '/root/ros2_ws/src/assignment1_rt'
[0.201s] INFO:colcon.colcon_core.plugin_system:Skipping extension 'colcon_core.shell.bat': Not used on non-Windows systems
[0.201s] INFO:colcon.colcon_core.shell:Skip shell extension 'powershell' for command environment: Not usable outside of PowerShell
[0.202s] DEBUG:colcon.colcon_core.shell:Skip shell extension 'dsv' for command environment
[0.206s] INFO:colcon.colcon_ros.task.ament_cmake.build:Building ROS package in '/root/ros2_ws/src/assignment_2' with build type 'ament_cmake'
[0.206s] INFO:colcon.colcon_cmake.task.cmake.build:Building CMake package in '/root/ros2_ws/src/assignment_2'
[0.206s] INFO:colcon.colcon_core.shell:Skip shell extension 'powershell' for command environment: Not usable outside of PowerShell
[0.206s] DEBUG:colcon.colcon_core.shell:Skip shell extension 'dsv' for command environment
[0.210s] INFO:colcon.colcon_ros.task.ament_cmake.build:Building ROS package in '/root/ros2_ws/src/first_package_cpp' with build type 'ament_cmake'
[0.210s] INFO:colcon.colcon_cmake.task.cmake.build:Building CMake package in '/root/ros2_ws/src/first_package_cpp'
[0.210s] INFO:colcon.colcon_core.shell:Skip shell extension 'powershell' for command environment: Not usable outside of PowerShell
[0.210s] DEBUG:colcon.colcon_core.shell:Skip shell extension 'dsv' for command environment
[0.226s] DEBUG:colcon.colcon_core.event_handler.log_command:Invoking command in '/root/ros2_ws/src/build/assignment1_rt': CMAKE_PREFIX_PATH=${CMAKE_PREFIX_PATH}:/opt/ros/jazzy /usr/bin/cmake --build /root/ros2_ws/src/build/assignment1_rt -- -j16 -l16
[0.232s] DEBUG:colcon.colcon_core.event_handler.log_command:Invoking command in '/root/ros2_ws/src/build/assignment_2': CMAKE_PREFIX_PATH=${CMAKE_PREFIX_PATH}:/opt/ros/jazzy /usr/bin/cmake --build /root/ros2_ws/src/build/assignment_2 -- -j16 -l16
[0.237s] DEBUG:colcon.colcon_core.event_handler.log_command:Invoking command in '/root/ros2_ws/src/build/first_package_cpp': CMAKE_PREFIX_PATH=${CMAKE_PREFIX_PATH}:/opt/ros/jazzy /usr/bin/cmake --build /root/ros2_ws/src/build/first_package_cpp -- -j16 -l16
[0.300s] DEBUG:colcon.colcon_core.event_handler.log_command:Invoked command in '/root/ros2_ws/src/build/assignment_2' returned '0': CMAKE_PREFIX_PATH=${CMAKE_PREFIX_PATH}:/opt/ros/jazzy /usr/bin/cmake --build /root/ros2_ws/src/build/assignment_2 -- -j16 -l16
[0.311s] DEBUG:colcon.colcon_core.event_handler.log_command:Invoking command in '/root/ros2_ws/src/build/assignment_2': CMAKE_PREFIX_PATH=${CMAKE_PREFIX_PATH}:/opt/ros/jazzy /usr/bin/cmake --install /root/ros2_ws/src/build/assignment_2
[0.323s] DEBUG:colcon.colcon_core.event_handler.log_command:Invoked command in '/root/ros2_ws/src/build/first_package_cpp' returned '0': CMAKE_PREFIX_PATH=${CMAKE_PREFIX_PATH}:/opt/ros/jazzy /usr/bin/cmake --build /root/ros2_ws/src/build/first_package_cpp -- -j16 -l16
[0.327s] DEBUG:colcon.colcon_core.event_handler.log_command:Invoking command in '/root/ros2_ws/src/build/first_package_cpp': CMAKE_PREFIX_PATH=${CMAKE_PREFIX_PATH}:/opt/ros/jazzy /usr/bin/cmake --install /root/ros2_ws/src/build/first_package_cpp
[0.329s] Level 1:colcon.colcon_core.environment:create_environment_scripts_only(assignment_2)
[0.330s] DEBUG:colcon.colcon_core.event_handler.log_command:Invoked command in '/root/ros2_ws/src/build/assignment_2' returned '0': CMAKE_PREFIX_PATH=${CMAKE_PREFIX_PATH}:/opt/ros/jazzy /usr/bin/cmake --install /root/ros2_ws/src/build/assignment_2
[0.333s] Level 1:colcon.colcon_core.environment:checking '/root/ros2_ws/src/install/assignment_2' for CMake module files
[0.333s] Level 1:colcon.colcon_core.environment:checking '/root/ros2_ws/src/install/assignment_2' for CMake config files
[0.333s] Level 1:colcon.colcon_core.shell:create_environment_hook('assignment_2', 'cmake_prefix_path')
[0.334s] INFO:colcon.colcon_core.shell:Creating environment hook '/root/ros2_ws/src/install/assignment_2/share/assignment_2/hook/cmake_prefix_path.ps1'
[0.334s] INFO:colcon.colcon_core.shell:Creating environment descriptor '/root/ros2_ws/src/install/assignment_2/share/assignment_2/hook/cmake_prefix_path.dsv'
[0.334s] INFO:colcon.colcon_core.shell:Creating environment hook '/root/ros2_ws/src/install/assignment_2/share/assignment_2/hook/cmake_prefix_path.sh'
[0.335s] Level 1:colcon.colcon_core.environment:checking '/root/ros2_ws/src/install/assignment_2/bin'
[0.335s] Level 1:colcon.colcon_core.environment:checking '/root/ros2_ws/src/install/assignment_2/lib/pkgconfig/assignment_2.pc'
[0.337s] Level 1:colcon.colcon_core.environment:checking '/root/ros2_ws/src/install/assignment_2/lib/python3.12/site-packages'
[0.338s] Level 1:colcon.colcon_core.environment:checking '/root/ros2_ws/src/install/assignment_2/bin'
[0.338s] INFO:colcon.colcon_core.shell:Creating package script '/root/ros2_ws/src/install/assignment_2/share/assignment_2/package.ps1'
[0.338s] INFO:colcon.colcon_core.shell:Creating package descriptor '/root/ros2_ws/src/install/assignment_2/share/assignment_2/package.dsv'
[0.341s] INFO:colcon.colcon_core.shell:Creating package script '/root/ros2_ws/src/install/assignment_2/share/assignment_2/package.sh'
[0.344s] INFO:colcon.colcon_core.shell:Creating package script '/root/ros2_ws/src/install/assignment_2/share/assignment_2/package.bash'
[0.345s] INFO:colcon.colcon_core.shell:Creating package script '/root/ros2_ws/src/install/assignment_2/share/assignment_2/package.zsh'
[0.346s] Level 1:colcon.colcon_core.environment:create_file_with_runtime_dependencies(/root/ros2_ws/src/install/assignment_2/share/colcon-core/packages/assignment_2)
[0.346s] Level 1:colcon.colcon_core.environment:create_environment_scripts_only(assignment_2)
[0.346s] Level 1:colcon.colcon_core.environment:checking '/root/ros2_ws/src/install/assignment_2' for CMake module files
[0.347s] Level 1:colcon.colcon_core.environment:checking '/root/ros2_ws/src/install/assignment_2' for CMake config files
[0.347s] Level 1:colcon.colcon_core.shell:create_environment_hook('assignment_2', 'cmake_prefix_path')
[0.347s] INFO:colcon.colcon_core.shell:Creating environment hook '/root/ros2_ws/src/install/assignment_2/share/assignment_2/hook/cmake_prefix_path.ps1'
[0.347s] INFO:colcon.colcon_core.shell:Creating environment descriptor '/root/ros2_ws/src/install/assignment_2/share/assignment_2/hook/cmake_prefix_path.dsv'
[0.348s] INFO:colcon.colcon_core.shell:Creating environment hook '/root/ros2_ws/src/install/assignment_2/share/assignment_2/hook/cmake_prefix_path.sh'
[0.348s] Level 1:colcon.colcon_core.environment:checking '/root/ros2_ws/src/install/assignment_2/bin'
[0.348s] Level 1:colcon.colcon_core.environment:checking '/root/ros2_ws/src/install/assignment_2/lib/pkgconfig/assignment_2.pc'
[0.348s] Level 1:colcon.colcon_core.environment:checking '/root/ros2_ws/src/install/assignment_2/lib/python3.12/site-packages'
[0.349s] Level 1:colcon.colcon_core.environment:checking '/root/ros2_ws/src/install/assignment_2/bin'
[0.349s] INFO:colcon.colcon_core.shell:Creating package script '/root/ros2_ws/src/install/assignment_2/share/assignment_2/package.ps1'
[0.349s] INFO:colcon.colcon_core.shell:Creating package descriptor '/root/ros2_ws/src/install/assignment_2/share/assignment_2/package.dsv'
[0.350s] INFO:colcon.colcon_core.shell:Creating package script '/root/ros2_ws/src/install/assignment_2/share/assignment_2/package.sh'
[0.350s] INFO:colcon.colcon_core.shell:Creating package script '/root/ros2_ws/src/install/assignment_2/share/assignment_2/package.bash'
[0.350s] INFO:colcon.colcon_core.shell:Creating package script '/root/ros2_ws/src/install/assignment_2/share/assignment_2/package.zsh'
[0.351s] Level 1:colcon.colcon_core.environment:create_file_with_runtime_dependencies(/root/ros2_ws/src/install/assignment_2/share/colcon-core/packages/assignment_2)
[0.356s] Level 1:colcon.colcon_core.environment:create_environment_scripts_only(first_package_cpp)
[0.357s] DEBUG:colcon.colcon_core.event_handler.log_command:Invoked command in '/root/ros2_ws/src/build/first_package_cpp' returned '0': CMAKE_PREFIX_PATH=${CMAKE_PREFIX_PATH}:/opt/ros/jazzy /usr/bin/cmake --install /root/ros2_ws/src/build/first_package_cpp
[0.357s] Level 1:colcon.colcon_core.environment:checking '/root/ros2_ws/src/install/first_package_cpp' for CMake module files
[0.358s] Level 1:colcon.colcon_core.environment:checking '/root/ros2_ws/src/install/first_package_cpp' for CMake config files
[0.359s] Level 1:colcon.colcon_core.shell:create_environment_hook('first_package_cpp', 'cmake_prefix_path')
[0.359s] INFO:colcon.colcon_core.shell:Creating environment hook '/root/ros2_ws/src/install/first_package_cpp/share/first_package_cpp/hook/cmake_prefix_path.ps1'
[0.360s] INFO:colcon.colcon_core.shell:Creating environment descriptor '/root/ros2_ws/src/install/first_package_cpp/share/first_package_cpp/hook/cmake_prefix_path.dsv'
[0.360s] INFO:colcon.colcon_core.shell:Creating environment hook '/root/ros2_ws/src/install/first_package_cpp/share/first_package_cpp/hook/cmake_prefix_path.sh'
[0.361s] Level 1:colcon.colcon_core.environment:checking '/root/ros2_ws/src/install/first_package_cpp/lib'
[0.361s] Level 1:colcon.colcon_core.environment:checking '/root/ros2_ws/src/install/first_package_cpp/bin'
[0.361s] Level 1:colcon.colcon_core.environment:checking '/root/ros2_ws/src/install/first_package_cpp/lib/pkgconfig/first_package_cpp.pc'
[0.362s] Level 1:colcon.colcon_core.environment:checking '/root/ros2_ws/src/install/first_package_cpp/lib/python3.12/site-packages'
[0.362s] Level 1:colcon.colcon_core.environment:checking '/root/ros2_ws/src/install/first_package_cpp/bin'
[0.362s] INFO:colcon.colcon_core.shell:Creating package script '/root/ros2_ws/src/install/first_package_cpp/share/first_package_cpp/package.ps1'
[0.364s] INFO:colcon.colcon_core.shell:Creating package descriptor '/root/ros2_ws/src/install/first_package_cpp/share/first_package_cpp/package.dsv'
[0.364s] INFO:colcon.colcon_core.shell:Creating package script '/root/ros2_ws/src/install/first_package_cpp/share/first_package_cpp/package.sh'
[0.364s] INFO:colcon.colcon_core.shell:Creating package script '/root/ros2_ws/src/install/first_package_cpp/share/first_package_cpp/package.bash'
[0.365s] INFO:colcon.colcon_core.shell:Creating package script '/root/ros2_ws/src/install/first_package_cpp/share/first_package_cpp/package.zsh'
[0.365s] Level 1:colcon.colcon_core.environment:create_file_with_runtime_dependencies(/root/ros2_ws/src/install/first_package_cpp/share/colcon-core/packages/first_package_cpp)
[0.366s] Level 1:colcon.colcon_core.environment:create_environment_scripts_only(first_package_cpp)
[0.366s] Level 1:colcon.colcon_core.environment:checking '/root/ros2_ws/src/install/first_package_cpp' for CMake module files
[0.367s] Level 1:colcon.colcon_core.environment:checking '/root/ros2_ws/src/install/first_package_cpp' for CMake config files
[0.367s] Level 1:colcon.colcon_core.shell:create_environment_hook('first_package_cpp', 'cmake_prefix_path')
[0.367s] INFO:colcon.colcon_core.shell:Creating environment hook '/root/ros2_ws/src/install/first_package_cpp/share/first_package_cpp/hook/cmake_prefix_path.ps1'
[0.367s] INFO:colcon.colcon_core.shell:Creating environment descriptor '/root/ros2_ws/src/install/first_package_cpp/share/first_package_cpp/hook/cmake_prefix_path.dsv'
[0.368s] INFO:colcon.colcon_core.shell:Creating environment hook '/root/ros2_ws/src/install/first_package_cpp/share/first_package_cpp/hook/cmake_prefix_path.sh'
[0.368s] Level 1:colcon.colcon_core.environment:checking '/root/ros2_ws/src/install/first_package_cpp/lib'
[0.368s] Level 1:colcon.colcon_core.environment:checking '/root/ros2_ws/src/install/first_package_cpp/bin'
[0.369s] Level 1:colcon.colcon_core.environment:checking '/root/ros2_ws/src/install/first_package_cpp/lib/pkgconfig/first_package_cpp.pc'
[0.369s] Level 1:colcon.colcon_core.environment:checking '/root/ros2_ws/src/install/first_package_cpp/lib/python3.12/site-packages'
[0.369s] Level 1:colcon.colcon_core.environment:checking '/root/ros2_ws/src/install/first_package_cpp/bin'
[0.369s] INFO:colcon.colcon_core.shell:Creating package script '/root/ros2_ws/src/install/first_package_cpp/share/first_package_cpp/package.ps1'
[0.370s] INFO:colcon.colcon_core.shell:Creating package descriptor '/root/ros2_ws/src/install/first_package_cpp/share/first_package_cpp/package.dsv'
[0.370s] INFO:colcon.colcon_core.shell:Creating package script '/root/ros2_ws/src/install/first_package_cpp/share/first_package_cpp/package.sh'
[0.371s] INFO:colcon.colcon_core.shell:Creating package script '/root/ros2_ws/src/install/first_package_cpp/share/first_package_cpp/package.bash'
[0.372s] INFO:colcon.colcon_core.shell:Creating package script '/root/ros2_ws/src/install/first_package_cpp/share/first_package_cpp/package.zsh'
[0.372s] Level 1:colcon.colcon_core.environment:create_file_with_runtime_dependencies(/root/ros2_ws/src/install/first_package_cpp/share/colcon-core/packages/first_package_cpp)
[5.591s] DEBUG:colcon.colcon_core.event_handler.log_command:Invoked command in '/root/ros2_ws/src/build/assignment1_rt' returned '2': CMAKE_PREFIX_PATH=${CMAKE_PREFIX_PATH}:/opt/ros/jazzy /usr/bin/cmake --build /root/ros2_ws/src/build/assignment1_rt -- -j16 -l16
[5.591s] Level 1:colcon.colcon_core.environment:create_environment_scripts_only(assignment1_rt)
[5.591s] Level 1:colcon.colcon_core.environment:checking '/root/ros2_ws/src/install/assignment1_rt' for CMake module files
[5.592s] Level 1:colcon.colcon_core.environment:checking '/root/ros2_ws/src/install/assignment1_rt' for CMake config files
[5.592s] Level 1:colcon.colcon_core.shell:create_environment_hook('assignment1_rt', 'cmake_prefix_path')
[5.592s] INFO:colcon.colcon_core.shell:Creating environment hook '/root/ros2_ws/src/install/assignment1_rt/share/assignment1_rt/hook/cmake_prefix_path.ps1'
[5.593s] INFO:colcon.colcon_core.shell:Creating environment descriptor '/root/ros2_ws/src/install/assignment1_rt/share/assignment1_rt/hook/cmake_prefix_path.dsv'
[5.593s] INFO:colcon.colcon_core.shell:Creating environment hook '/root/ros2_ws/src/install/assignment1_rt/share/assignment1_rt/hook/cmake_prefix_path.sh'
[5.594s] Level 1:colcon.colcon_core.environment:checking '/root/ros2_ws/src/install/assignment1_rt/lib'
[5.594s] Level 1:colcon.colcon_core.environment:checking '/root/ros2_ws/src/install/assignment1_rt/bin'
[5.594s] Level 1:colcon.colcon_core.environment:checking '/root/ros2_ws/src/install/assignment1_rt/lib/pkgconfig/assignment1_rt.pc'
[5.594s] Level 1:colcon.colcon_core.environment:checking '/root/ros2_ws/src/install/assignment1_rt/lib/python3.12/site-packages'
[5.594s] Level 1:colcon.colcon_core.environment:checking '/root/ros2_ws/src/install/assignment1_rt/bin'
[5.595s] INFO:colcon.colcon_core.shell:Creating package script '/root/ros2_ws/src/install/assignment1_rt/share/assignment1_rt/package.ps1'
[5.595s] INFO:colcon.colcon_core.shell:Creating package descriptor '/root/ros2_ws/src/install/assignment1_rt/share/assignment1_rt/package.dsv'
[5.596s] INFO:colcon.colcon_core.shell:Creating package script '/root/ros2_ws/src/install/assignment1_rt/share/assignment1_rt/package.sh'
[5.596s] INFO:colcon.colcon_core.shell:Creating package script '/root/ros2_ws/src/install/assignment1_rt/share/assignment1_rt/package.bash'
[5.596s] INFO:colcon.colcon_core.shell:Creating package script '/root/ros2_ws/src/install/assignment1_rt/share/assignment1_rt/package.zsh'
[5.597s] Level 1:colcon.colcon_core.environment:create_file_with_runtime_dependencies(/root/ros2_ws/src/install/assignment1_rt/share/colcon-core/packages/assignment1_rt)
[5.607s] DEBUG:colcon.colcon_parallel_executor.executor.parallel:closing loop
[5.608s] DEBUG:colcon.colcon_parallel_executor.executor.parallel:loop closed
[5.608s] DEBUG:colcon.colcon_parallel_executor.executor.parallel:run_until_complete finished with '2'
[5.608s] DEBUG:colcon.colcon_core.event_reactor:joining thread
[5.616s] INFO:colcon.colcon_core.plugin_system:Skipping extension 'colcon_notification.desktop_notification.notify_send': Could not find 'notify-send'
[5.617s] INFO:colcon.colcon_core.plugin_system:Skipping extension 'colcon_notification.desktop_notification.terminal_notifier': Not used on non-Darwin systems
[5.617s] INFO:colcon.colcon_core.plugin_system:Skipping extension 'colcon_notification.desktop_notification.win32': Not used on non-Windows systems
[5.617s] INFO:colcon.colcon_notification.desktop_notification:Sending desktop notification using 'notify2'
[5.620s] DEBUG:colcon.colcon_notification.desktop_notification.notify2:Failed to initialize notify2: org.freedesktop.DBus.Error.Spawn.ExecFailed: /usr/bin/dbus-launch terminated abnormally without any error message
[5.620s] DEBUG:colcon.colcon_core.event_reactor:joined thread
[5.621s] INFO:colcon.colcon_core.shell:Creating prefix script '/root/ros2_ws/src/install/local_setup.ps1'
[5.622s] INFO:colcon.colcon_core.shell:Creating prefix util module '/root/ros2_ws/src/install/_local_setup_util_ps1.py'
[5.624s] INFO:colcon.colcon_core.shell:Creating prefix chain script '/root/ros2_ws/src/install/setup.ps1'
[5.626s] INFO:colcon.colcon_core.shell:Creating prefix script '/root/ros2_ws/src/install/local_setup.sh'
[5.627s] INFO:colcon.colcon_core.shell:Creating prefix util module '/root/ros2_ws/src/install/_local_setup_util_sh.py'
[5.629s] INFO:colcon.colcon_core.shell:Creating prefix chain script '/root/ros2_ws/src/install/setup.sh'
[5.632s] INFO:colcon.colcon_core.shell:Creating prefix script '/root/ros2_ws/src/install/local_setup.bash'
[5.634s] INFO:colcon.colcon_core.shell:Creating prefix chain script '/root/ros2_ws/src/install/setup.bash'
[5.636s] INFO:colcon.colcon_core.shell:Creating prefix script '/root/ros2_ws/src/install/local_setup.zsh'
[5.636s] INFO:colcon.colcon_core.shell:Creating prefix chain script '/root/ros2_ws/src/install/setup.zsh'
