[0.951s] DEBUG:colcon:Command line arguments: ['/usr/bin/colcon', 'build']
[0.951s] DEBUG:colcon:Parsed command line arguments: Namespace(log_base=None, log_level=None, verb_name='build', build_base='build', install_base='install', merge_install=False, symlink_install=False, test_result_base=None, continue_on_error=False, executor='parallel', parallel_workers=16, event_handlers=None, ignore_user_meta=False, metas=['./colcon.meta'], base_paths=['.'], packages_ignore=None, packages_ignore_regex=None, paths=None, packages_up_to=None, packages_up_to_regex=None, packages_above=None, packages_above_and_dependencies=None, packages_above_depth=None, packages_select_by_dep=None, packages_skip_by_dep=None, packages_skip_up_to=None, packages_select_build_failed=False, packages_skip_build_finished=False, packages_select_test_failures=False, packages_skip_test_passed=False, packages_select=None, packages_skip=None, packages_select_regex=None, packages_skip_regex=None, packages_start=None, packages_end=None, cmake_args=None, cmake_target=None, cmake_target_skip_unavailable=False, cmake_clean_cache=False, cmake_clean_first=False, cmake_force_configure=False, ament_cmake_args=None, catkin_cmake_args=None, catkin_skip_building_tests=False, mixin_files=None, mixin=None, verb_parser=<colcon_mixin.mixin.mixin_argument.MixinArgumentDecorator object at 0x7c2d9a0e9af0>, verb_extension=<colcon_core.verb.build.BuildVerb object at 0x7c2d9a20a000>, main=<bound method BuildVerb.main of <colcon_core.verb.build.BuildVerb object at 0x7c2d9a20a000>>, mixin_verb=('build',))
[1.147s] Level 1:colcon.colcon_core.package_discovery:discover_packages(colcon_meta) check parameters
[1.150s] INFO:colcon.colcon_metadata.package_discovery.colcon_meta:Using configuration from '/root/.colcon/metadata/default/Gazebo.meta'
[1.151s] INFO:colcon.colcon_metadata.package_discovery.colcon_meta:Using configuration from '/root/.colcon/metadata/default/fastdds.meta'
[1.152s] INFO:colcon.colcon_metadata.package_discovery.colcon_meta:Using configuration from '/root/.colcon/metadata/default/fastrtps.meta'
[1.152s] Level 1:colcon.colcon_core.package_discovery:discover_packages(recursive) check parameters
[1.152s] Level 1:colcon.colcon_core.package_discovery:discover_packages(ignore) check parameters
[1.152s] Level 1:colcon.colcon_core.package_discovery:discover_packages(path) check parameters
[1.152s] Level 1:colcon.colcon_core.package_discovery:discover_packages(colcon_meta) discover
[1.152s] Level 1:colcon.colcon_core.package_discovery:discover_packages(recursive) discover
[1.152s] INFO:colcon.colcon_core.package_discovery:Crawling recursively for packages in '/root/ros2_ws/src'
[1.152s] Level 1:colcon.colcon_core.package_identification:_identify(.) by extensions ['ignore', 'ignore_ament_install']
[1.153s] Level 1:colcon.colcon_core.package_identification:_identify(.) by extension 'ignore'
[1.153s] Level 1:colcon.colcon_core.package_identification:_identify(.) by extension 'ignore_ament_install'
[1.153s] Level 1:colcon.colcon_core.package_identification:_identify(.) by extensions ['colcon_pkg']
[1.153s] Level 1:colcon.colcon_core.package_identification:_identify(.) by extension 'colcon_pkg'
[1.153s] Level 1:colcon.colcon_core.package_identification:_identify(.) by extensions ['colcon_meta']
[1.153s] Level 1:colcon.colcon_core.package_identification:_identify(.) by extension 'colcon_meta'
[1.153s] Level 1:colcon.colcon_core.package_identification:_identify(.) by extensions ['ros']
[1.153s] Level 1:colcon.colcon_core.package_identification:_identify(.) by extension 'ros'
[1.229s] Level 1:colcon.colcon_core.package_identification:_identify(.) by extensions ['cmake', 'python']
[1.229s] Level 1:colcon.colcon_core.package_identification:_identify(.) by extension 'cmake'
[1.229s] Level 1:colcon.colcon_core.package_identification:_identify(.) by extension 'python'
[1.229s] Level 1:colcon.colcon_core.package_identification:_identify(.) by extensions ['python_setup_py']
[1.229s] Level 1:colcon.colcon_core.package_identification:_identify(.) by extension 'python_setup_py'
[1.229s] Level 1:colcon.colcon_core.package_identification:_identify(build) by extensions ['ignore', 'ignore_ament_install']
[1.229s] Level 1:colcon.colcon_core.package_identification:_identify(build) by extension 'ignore'
[1.229s] Level 1:colcon.colcon_core.package_identification:_identify(build) ignored
[1.230s] Level 1:colcon.colcon_core.package_identification:_identify(first_package_cpp) by extensions ['ignore', 'ignore_ament_install']
[1.230s] Level 1:colcon.colcon_core.package_identification:_identify(first_package_cpp) by extension 'ignore'
[1.230s] Level 1:colcon.colcon_core.package_identification:_identify(first_package_cpp) by extension 'ignore_ament_install'
[1.230s] Level 1:colcon.colcon_core.package_identification:_identify(first_package_cpp) by extensions ['colcon_pkg']
[1.230s] Level 1:colcon.colcon_core.package_identification:_identify(first_package_cpp) by extension 'colcon_pkg'
[1.230s] Level 1:colcon.colcon_core.package_identification:_identify(first_package_cpp) by extensions ['colcon_meta']
[1.230s] Level 1:colcon.colcon_core.package_identification:_identify(first_package_cpp) by extension 'colcon_meta'
[1.230s] Level 1:colcon.colcon_core.package_identification:_identify(first_package_cpp) by extensions ['ros']
[1.230s] Level 1:colcon.colcon_core.package_identification:_identify(first_package_cpp) by extension 'ros'
[1.238s] DEBUG:colcon.colcon_core.package_identification:Package 'first_package_cpp' with type 'ros.ament_cmake' and name 'first_package_cpp'
[1.238s] Level 1:colcon.colcon_core.package_identification:_identify(install) by extensions ['ignore', 'ignore_ament_install']
[1.238s] Level 1:colcon.colcon_core.package_identification:_identify(install) by extension 'ignore'
[1.238s] Level 1:colcon.colcon_core.package_identification:_identify(install) ignored
[1.238s] Level 1:colcon.colcon_core.package_identification:_identify(log) by extensions ['ignore', 'ignore_ament_install']
[1.239s] Level 1:colcon.colcon_core.package_identification:_identify(log) by extension 'ignore'
[1.239s] Level 1:colcon.colcon_core.package_identification:_identify(log) ignored
[1.239s] Level 1:colcon.colcon_core.package_discovery:discover_packages(recursive) using defaults
[1.239s] Level 1:colcon.colcon_core.package_discovery:discover_packages(ignore) discover
[1.239s] Level 1:colcon.colcon_core.package_discovery:discover_packages(ignore) using defaults
[1.239s] Level 1:colcon.colcon_core.package_discovery:discover_packages(path) discover
[1.239s] Level 1:colcon.colcon_core.package_discovery:discover_packages(path) using defaults
[1.290s] Level 5:colcon.colcon_core.verb:set package 'first_package_cpp' build argument 'cmake_args' from command line to 'None'
[1.290s] Level 5:colcon.colcon_core.verb:set package 'first_package_cpp' build argument 'cmake_target' from command line to 'None'
[1.290s] Level 5:colcon.colcon_core.verb:set package 'first_package_cpp' build argument 'cmake_target_skip_unavailable' from command line to 'False'
[1.290s] Level 5:colcon.colcon_core.verb:set package 'first_package_cpp' build argument 'cmake_clean_cache' from command line to 'False'
[1.290s] Level 5:colcon.colcon_core.verb:set package 'first_package_cpp' build argument 'cmake_clean_first' from command line to 'False'
[1.290s] Level 5:colcon.colcon_core.verb:set package 'first_package_cpp' build argument 'cmake_force_configure' from command line to 'False'
[1.290s] Level 5:colcon.colcon_core.verb:set package 'first_package_cpp' build argument 'ament_cmake_args' from command line to 'None'
[1.290s] Level 5:colcon.colcon_core.verb:set package 'first_package_cpp' build argument 'catkin_cmake_args' from command line to 'None'
[1.290s] Level 5:colcon.colcon_core.verb:set package 'first_package_cpp' build argument 'catkin_skip_building_tests' from command line to 'False'
[1.290s] DEBUG:colcon.colcon_core.verb:Building package 'first_package_cpp' with the following arguments: {'ament_cmake_args': None, 'build_base': '/root/ros2_ws/src/build/first_package_cpp', 'catkin_cmake_args': None, 'catkin_skip_building_tests': False, 'cmake_args': None, 'cmake_clean_cache': False, 'cmake_clean_first': False, 'cmake_force_configure': False, 'cmake_target': None, 'cmake_target_skip_unavailable': False, 'install_base': '/root/ros2_ws/src/install/first_package_cpp', 'merge_install': False, 'path': '/root/ros2_ws/src/first_package_cpp', 'symlink_install': False, 'test_result_base': None}
[1.290s] INFO:colcon.colcon_core.executor:Executing jobs using 'parallel' executor
[1.292s] DEBUG:colcon.colcon_parallel_executor.executor.parallel:run_until_complete
[1.292s] INFO:colcon.colcon_ros.task.ament_cmake.build:Building ROS package in '/root/ros2_ws/src/first_package_cpp' with build type 'ament_cmake'
[1.292s] INFO:colcon.colcon_cmake.task.cmake.build:Building CMake package in '/root/ros2_ws/src/first_package_cpp'
[1.306s] INFO:colcon.colcon_core.plugin_system:Skipping extension 'colcon_core.shell.bat': Not used on non-Windows systems
[1.306s] INFO:colcon.colcon_core.shell:Skip shell extension 'powershell' for command environment: Not usable outside of PowerShell
[1.306s] DEBUG:colcon.colcon_core.shell:Skip shell extension 'dsv' for command environment
[1.327s] DEBUG:colcon.colcon_core.event_handler.log_command:Invoking command in '/root/ros2_ws/src/build/first_package_cpp': CMAKE_PREFIX_PATH=${CMAKE_PREFIX_PATH}:/opt/ros/jazzy /usr/bin/cmake --build /root/ros2_ws/src/build/first_package_cpp -- -j16 -l16
[3.232s] DEBUG:colcon.colcon_core.event_handler.log_command:Invoked command in '/root/ros2_ws/src/build/first_package_cpp' returned '0': CMAKE_PREFIX_PATH=${CMAKE_PREFIX_PATH}:/opt/ros/jazzy /usr/bin/cmake --build /root/ros2_ws/src/build/first_package_cpp -- -j16 -l16
[3.252s] DEBUG:colcon.colcon_core.event_handler.log_command:Invoking command in '/root/ros2_ws/src/build/first_package_cpp': CMAKE_PREFIX_PATH=${CMAKE_PREFIX_PATH}:/opt/ros/jazzy /usr/bin/cmake --install /root/ros2_ws/src/build/first_package_cpp
[3.289s] Level 1:colcon.colcon_core.environment:create_environment_scripts_only(first_package_cpp)
[3.290s] DEBUG:colcon.colcon_core.event_handler.log_command:Invoked command in '/root/ros2_ws/src/build/first_package_cpp' returned '0': CMAKE_PREFIX_PATH=${CMAKE_PREFIX_PATH}:/opt/ros/jazzy /usr/bin/cmake --install /root/ros2_ws/src/build/first_package_cpp
[3.304s] Level 1:colcon.colcon_core.environment:checking '/root/ros2_ws/src/install/first_package_cpp' for CMake module files
[3.305s] Level 1:colcon.colcon_core.environment:checking '/root/ros2_ws/src/install/first_package_cpp' for CMake config files
[3.306s] Level 1:colcon.colcon_core.shell:create_environment_hook('first_package_cpp', 'cmake_prefix_path')
[3.306s] INFO:colcon.colcon_core.shell:Creating environment hook '/root/ros2_ws/src/install/first_package_cpp/share/first_package_cpp/hook/cmake_prefix_path.ps1'
[3.309s] INFO:colcon.colcon_core.shell:Creating environment descriptor '/root/ros2_ws/src/install/first_package_cpp/share/first_package_cpp/hook/cmake_prefix_path.dsv'
[3.310s] INFO:colcon.colcon_core.shell:Creating environment hook '/root/ros2_ws/src/install/first_package_cpp/share/first_package_cpp/hook/cmake_prefix_path.sh'
[3.311s] Level 1:colcon.colcon_core.environment:checking '/root/ros2_ws/src/install/first_package_cpp/lib'
[3.311s] Level 1:colcon.colcon_core.environment:checking '/root/ros2_ws/src/install/first_package_cpp/bin'
[3.311s] Level 1:colcon.colcon_core.environment:checking '/root/ros2_ws/src/install/first_package_cpp/lib/pkgconfig/first_package_cpp.pc'
[3.314s] Level 1:colcon.colcon_core.environment:checking '/root/ros2_ws/src/install/first_package_cpp/lib/python3.12/site-packages'
[3.314s] Level 1:colcon.colcon_core.environment:checking '/root/ros2_ws/src/install/first_package_cpp/bin'
[3.314s] INFO:colcon.colcon_core.shell:Creating package script '/root/ros2_ws/src/install/first_package_cpp/share/first_package_cpp/package.ps1'
[3.320s] INFO:colcon.colcon_core.shell:Creating package descriptor '/root/ros2_ws/src/install/first_package_cpp/share/first_package_cpp/package.dsv'
[3.322s] INFO:colcon.colcon_core.shell:Creating package script '/root/ros2_ws/src/install/first_package_cpp/share/first_package_cpp/package.sh'
[3.323s] INFO:colcon.colcon_core.shell:Creating package script '/root/ros2_ws/src/install/first_package_cpp/share/first_package_cpp/package.bash'
[3.325s] INFO:colcon.colcon_core.shell:Creating package script '/root/ros2_ws/src/install/first_package_cpp/share/first_package_cpp/package.zsh'
[3.327s] Level 1:colcon.colcon_core.environment:create_file_with_runtime_dependencies(/root/ros2_ws/src/install/first_package_cpp/share/colcon-core/packages/first_package_cpp)
[3.327s] Level 1:colcon.colcon_core.environment:create_environment_scripts_only(first_package_cpp)
[3.328s] Level 1:colcon.colcon_core.environment:checking '/root/ros2_ws/src/install/first_package_cpp' for CMake module files
[3.328s] Level 1:colcon.colcon_core.environment:checking '/root/ros2_ws/src/install/first_package_cpp' for CMake config files
[3.329s] Level 1:colcon.colcon_core.shell:create_environment_hook('first_package_cpp', 'cmake_prefix_path')
[3.329s] INFO:colcon.colcon_core.shell:Creating environment hook '/root/ros2_ws/src/install/first_package_cpp/share/first_package_cpp/hook/cmake_prefix_path.ps1'
[3.330s] INFO:colcon.colcon_core.shell:Creating environment descriptor '/root/ros2_ws/src/install/first_package_cpp/share/first_package_cpp/hook/cmake_prefix_path.dsv'
[3.330s] INFO:colcon.colcon_core.shell:Creating environment hook '/root/ros2_ws/src/install/first_package_cpp/share/first_package_cpp/hook/cmake_prefix_path.sh'
[3.331s] Level 1:colcon.colcon_core.environment:checking '/root/ros2_ws/src/install/first_package_cpp/lib'
[3.331s] Level 1:colcon.colcon_core.environment:checking '/root/ros2_ws/src/install/first_package_cpp/bin'
[3.331s] Level 1:colcon.colcon_core.environment:checking '/root/ros2_ws/src/install/first_package_cpp/lib/pkgconfig/first_package_cpp.pc'
[3.331s] Level 1:colcon.colcon_core.environment:checking '/root/ros2_ws/src/install/first_package_cpp/lib/python3.12/site-packages'
[3.331s] Level 1:colcon.colcon_core.environment:checking '/root/ros2_ws/src/install/first_package_cpp/bin'
[3.332s] INFO:colcon.colcon_core.shell:Creating package script '/root/ros2_ws/src/install/first_package_cpp/share/first_package_cpp/package.ps1'
[3.332s] INFO:colcon.colcon_core.shell:Creating package descriptor '/root/ros2_ws/src/install/first_package_cpp/share/first_package_cpp/package.dsv'
[3.333s] INFO:colcon.colcon_core.shell:Creating package script '/root/ros2_ws/src/install/first_package_cpp/share/first_package_cpp/package.sh'
[3.333s] INFO:colcon.colcon_core.shell:Creating package script '/root/ros2_ws/src/install/first_package_cpp/share/first_package_cpp/package.bash'
[3.334s] INFO:colcon.colcon_core.shell:Creating package script '/root/ros2_ws/src/install/first_package_cpp/share/first_package_cpp/package.zsh'
[3.335s] Level 1:colcon.colcon_core.environment:create_file_with_runtime_dependencies(/root/ros2_ws/src/install/first_package_cpp/share/colcon-core/packages/first_package_cpp)
[3.335s] DEBUG:colcon.colcon_parallel_executor.executor.parallel:closing loop
[3.336s] DEBUG:colcon.colcon_parallel_executor.executor.parallel:loop closed
[3.336s] DEBUG:colcon.colcon_parallel_executor.executor.parallel:run_until_complete finished with '0'
[3.336s] DEBUG:colcon.colcon_core.event_reactor:joining thread
[3.361s] INFO:colcon.colcon_core.plugin_system:Skipping extension 'colcon_notification.desktop_notification.notify_send': Could not find 'notify-send'
[3.361s] INFO:colcon.colcon_core.plugin_system:Skipping extension 'colcon_notification.desktop_notification.terminal_notifier': Not used on non-Darwin systems
[3.361s] INFO:colcon.colcon_core.plugin_system:Skipping extension 'colcon_notification.desktop_notification.win32': Not used on non-Windows systems
[3.361s] INFO:colcon.colcon_notification.desktop_notification:Sending desktop notification using 'notify2'
[3.374s] DEBUG:colcon.colcon_notification.desktop_notification.notify2:Failed to initialize notify2: org.freedesktop.DBus.Error.Spawn.ExecFailed: /usr/bin/dbus-launch terminated abnormally without any error message
[3.375s] DEBUG:colcon.colcon_core.event_reactor:joined thread
[3.375s] INFO:colcon.colcon_core.shell:Creating prefix script '/root/ros2_ws/src/install/local_setup.ps1'
[3.377s] INFO:colcon.colcon_core.shell:Creating prefix util module '/root/ros2_ws/src/install/_local_setup_util_ps1.py'
[3.380s] INFO:colcon.colcon_core.shell:Creating prefix chain script '/root/ros2_ws/src/install/setup.ps1'
[3.381s] INFO:colcon.colcon_core.shell:Creating prefix script '/root/ros2_ws/src/install/local_setup.sh'
[3.385s] INFO:colcon.colcon_core.shell:Creating prefix util module '/root/ros2_ws/src/install/_local_setup_util_sh.py'
[3.386s] INFO:colcon.colcon_core.shell:Creating prefix chain script '/root/ros2_ws/src/install/setup.sh'
[3.392s] INFO:colcon.colcon_core.shell:Creating prefix script '/root/ros2_ws/src/install/local_setup.bash'
[3.393s] INFO:colcon.colcon_core.shell:Creating prefix chain script '/root/ros2_ws/src/install/setup.bash'
[3.395s] INFO:colcon.colcon_core.shell:Creating prefix script '/root/ros2_ws/src/install/local_setup.zsh'
[3.396s] INFO:colcon.colcon_core.shell:Creating prefix chain script '/root/ros2_ws/src/install/setup.zsh'
