[0.030s] Invoking command in '/root/ros2_ws/src/build/assignment_2': CMAKE_PREFIX_PATH=${CMAKE_PREFIX_PATH}:/opt/ros/jazzy /usr/bin/cmake --build /root/ros2_ws/src/build/assignment_2 -- -j16 -l16
[0.085s] Invoked command in '/root/ros2_ws/src/build/assignment_2' returned '0': CMAKE_PREFIX_PATH=${CMAKE_PREFIX_PATH}:/opt/ros/jazzy /usr/bin/cmake --build /root/ros2_ws/src/build/assignment_2 -- -j16 -l16
[0.095s] Invoking command in '/root/ros2_ws/src/build/assignment_2': CMAKE_PREFIX_PATH=${CMAKE_PREFIX_PATH}:/opt/ros/jazzy /usr/bin/cmake --install /root/ros2_ws/src/build/assignment_2
[0.105s] -- Install configuration: ""
[0.105s] -- Up-to-date: /root/ros2_ws/src/install/assignment_2/share/ament_index/resource_index/package_run_dependencies/assignment_2
[0.105s] -- Up-to-date: /root/ros2_ws/src/install/assignment_2/share/ament_index/resource_index/parent_prefix_path/assignment_2
[0.105s] -- Up-to-date: /root/ros2_ws/src/install/assignment_2/share/assignment_2/environment/ament_prefix_path.sh
[0.105s] -- Up-to-date: /root/ros2_ws/src/install/assignment_2/share/assignment_2/environment/ament_prefix_path.dsv
[0.105s] -- Up-to-date: /root/ros2_ws/src/install/assignment_2/share/assignment_2/environment/path.sh
[0.105s] -- Up-to-date: /root/ros2_ws/src/install/assignment_2/share/assignment_2/environment/path.dsv
[0.105s] -- Up-to-date: /root/ros2_ws/src/install/assignment_2/share/assignment_2/local_setup.bash
[0.105s] -- Up-to-date: /root/ros2_ws/src/install/assignment_2/share/assignment_2/local_setup.sh
[0.105s] -- Up-to-date: /root/ros2_ws/src/install/assignment_2/share/assignment_2/local_setup.zsh
[0.105s] -- Up-to-date: /root/ros2_ws/src/install/assignment_2/share/assignment_2/local_setup.dsv
[0.106s] -- Installing: /root/ros2_ws/src/install/assignment_2/share/assignment_2/package.dsv
[0.106s] -- Up-to-date: /root/ros2_ws/src/install/assignment_2/share/ament_index/resource_index/packages/assignment_2
[0.106s] -- Up-to-date: /root/ros2_ws/src/install/assignment_2/share/assignment_2/cmake/assignment_2Config.cmake
[0.106s] -- Up-to-date: /root/ros2_ws/src/install/assignment_2/share/assignment_2/cmake/assignment_2Config-version.cmake
[0.106s] -- Up-to-date: /root/ros2_ws/src/install/assignment_2/share/assignment_2/package.xml
[0.107s] Invoked command in '/root/ros2_ws/src/build/assignment_2' returned '0': CMAKE_PREFIX_PATH=${CMAKE_PREFIX_PATH}:/opt/ros/jazzy /usr/bin/cmake --install /root/ros2_ws/src/build/assignment_2
