[0.008s] Invoking command in '/root/ros2_ws/src/build/first_package_cpp': CMAKE_PREFIX_PATH=${CMAKE_PREFIX_PATH}:/opt/ros/jazzy /usr/bin/cmake --build /root/ros2_ws/src/build/first_package_cpp -- -j16 -l16
[0.037s] -- Found ament_cmake: 2.5.4 (/opt/ros/jazzy/share/ament_cmake/cmake)
[0.199s] -- Override CMake install command with custom implementation using symlinks instead of copying resources
[0.214s] -- Found rclcpp: 28.1.11 (/opt/ros/jazzy/share/rclcpp/cmake)
[0.260s] -- Found rosidl_generator_c: 4.6.6 (/opt/ros/jazzy/share/rosidl_generator_c/cmake)
[0.270s] -- Found rosidl_generator_cpp: 4.6.6 (/opt/ros/jazzy/share/rosidl_generator_cpp/cmake)
[0.282s] -- Using all available rosidl_typesupport_c: rosidl_typesupport_fastrtps_c;rosidl_typesupport_introspection_c
[0.295s] -- Using all available rosidl_typesupport_cpp: rosidl_typesupport_fastrtps_cpp;rosidl_typesupport_introspection_cpp
[0.354s] -- Found rmw_implementation_cmake: 7.3.2 (/opt/ros/jazzy/share/rmw_implementation_cmake/cmake)
[0.356s] -- Found rmw_fastrtps_cpp: 8.4.3 (/opt/ros/jazzy/share/rmw_fastrtps_cpp/cmake)
[0.414s] -- Using RMW implementation 'rmw_fastrtps_cpp' as default
[0.474s] -- Found std_msgs: 5.3.6 (/opt/ros/jazzy/share/std_msgs/cmake)
[0.488s] -- Found ament_lint_auto: 0.17.3 (/opt/ros/jazzy/share/ament_lint_auto/cmake)
[0.570s] -- Added test 'cppcheck' to perform static code analysis on C / C++ code
[0.570s] -- Configured cppcheck include dirs: 
[0.570s] -- Configured cppcheck exclude dirs and/or files: 
[0.570s] -- Added test 'lint_cmake' to check CMake code style
[0.571s] -- Added test 'uncrustify' to check C / C++ code style
[0.571s] -- Configured uncrustify additional arguments: 
[0.572s] -- Added test 'xmllint' to check XML markup files
[0.573s] -- Configuring done (0.5s)
[0.578s] [31mCMake Error at CMakeLists.txt:25 (add_executable):
[0.578s]   Cannot find source file:
[0.578s] 
[0.578s]     src/minimal_subscriber.cpp
[0.578s] 
[0.578s]   Tried extensions .c .C .c++ .cc .cpp .cxx .cu .mpp .m .M .mm .ixx .cppm
[0.578s]   .ccm .cxxm .c++m .h .hh .h++ .hm .hpp .hxx .in .txx .f .F .for .f77 .f90
[0.578s]   .f95 .f03 .hip .ispc
[0.578s] 
[0.578s] [0m
[0.579s] [31mCMake Error at CMakeLists.txt:25 (add_executable):
[0.579s]   No SOURCES given to target: minimal_subscriber_node
[0.579s] 
[0.579s] [0m
[0.579s] [0mCMake Generate step failed.  Build files cannot be regenerated correctly.[0m
[0.583s] gmake: *** [Makefile:267: cmake_check_build_system] Error 1
[0.584s] Invoked command in '/root/ros2_ws/src/build/first_package_cpp' returned '2': CMAKE_PREFIX_PATH=${CMAKE_PREFIX_PATH}:/opt/ros/jazzy /usr/bin/cmake --build /root/ros2_ws/src/build/first_package_cpp -- -j16 -l16
